#
# A fatal error has been detected by the Java Runtime Environment:
#
#  EXCEPTION_ACCESS_VIOLATION (0xc0000005) at pc=0x00007ff8bb5ac639, pid=16436, tid=4828
#
# JRE version: OpenJDK Runtime Environment (17.0.6) (build 17.0.6+0-b2043.56-10027231)
# Java VM: OpenJDK 64-Bit Server VM (17.0.6+0-b2043.56-10027231, mixed mode, tiered, compressed oops, compressed class ptrs, g1 gc, windows-amd64)
# Problematic frame:
# V  [jvm.dll+0x30c639]
#
# No core dump will be written. Minidumps are not enabled by default on client versions of Windows
#
# If you would like to submit a bug report, please visit:
#   https://bugreport.java.com/bugreport/crash.jsp
#

---------------  S U M M A R Y ------------

Command Line: --add-opens=java.base/java.util=ALL-UNNAMED --add-opens=java.base/java.lang=ALL-UNNAMED --add-opens=java.base/java.lang.invoke=ALL-UNNAMED --add-opens=java.prefs/java.util.prefs=ALL-UNNAMED --add-opens=java.base/java.nio.charset=ALL-UNNAMED --add-opens=java.base/java.net=ALL-UNNAMED --add-opens=java.base/java.util.concurrent.atomic=ALL-UNNAMED -Xmx2048m -Dfile.encoding=UTF-8 -Duser.country=US -Duser.language=en -Duser.variant org.gradle.launcher.daemon.bootstrap.GradleDaemon 8.0

Host: Intel(R) Core(TM) i7-4790S CPU @ 3.20GHz, 8 cores, 15G,  Windows 10 , 64 bit Build 19041 (10.0.19041.3155)
Time: Fri Aug 18 00:27:42 2023 SA Pacific Standard Time elapsed time: 29.196462 seconds (0d 0h 0m 29s)

---------------  T H R E A D  ---------------

Current thread (0x0000015631c08280):  GCTaskThread "GC Thread#6" [stack: 0x0000002c9e300000,0x0000002c9e400000] [id=4828]

Stack: [0x0000002c9e300000,0x0000002c9e400000],  sp=0x0000002c9e3ff670,  free space=1021k
Native frames: (J=compiled Java code, j=interpreted, Vv=VM code, C=native code)
V  [jvm.dll+0x30c639]
V  [jvm.dll+0x30942e]
V  [jvm.dll+0x317a23]
V  [jvm.dll+0x3199ce]
V  [jvm.dll+0x31806d]
V  [jvm.dll+0x31958a]
V  [jvm.dll+0x2e3263]
V  [jvm.dll+0x2e4c8b]
V  [jvm.dll+0x86fb6b]
V  [jvm.dll+0x86fbb6]
V  [jvm.dll+0x7f274a]
V  [jvm.dll+0x682ad5]
C  [ucrtbase.dll+0x21bb2]
C  [KERNEL32.DLL+0x17614]
C  [ntdll.dll+0x526b1]


siginfo: EXCEPTION_ACCESS_VIOLATION (0xc0000005), reading address 0x0000000000080000


Register to memory mapping:

RIP=0x00007ff8bb5ac639 jvm.dll
RAX=0x0 is NULL
RBX=0x0000000087e90af5 is pointing into object: [Lcom.google.common.collect.ImmutableMapEntry; 
{0x0000000087e909d0} - klass: 'com/google/common/collect/ImmutableMapEntry'[]
 - length: 128
RCX=0x0000000000000014 is an unknown value
RDX=0x0 is NULL
RSP=0x0000002c9e3ff670 points into unknown readable memory: 0x0000000088116022 | 22 60 11 88 00 00 00 00
RBP=0x000000000000065e is an unknown value
RSI=0x0000000087e90af4 is pointing into object: [Lcom.google.common.collect.ImmutableMapEntry; 
{0x0000000087e909d0} - klass: 'com/google/common/collect/ImmutableMapEntry'[]
 - length: 128
RDI=0x0000015638726650 points into unknown readable memory: 0x00007ff8bbc07708 | 08 77 c0 bb f8 7f 00 00
R8 =0x0000000087e8f170 is an oop: com.google.common.collect.ImmutableMapEntry 
{0x0000000087e8f170} - klass: 'com/google/common/collect/ImmutableMapEntry'
 - ---- fields (total size 3 words):
 - final 'key' 'Ljava/lang/Object;' @12  "C:\Users\Gabriel\.gradle\caches\transforms-3\3c11ddf1f1ffbda5ee4d54edb6c4ee68\transformed\core-1.9.0\AndroidManifest.xml"{0x00000000859d8e90} (859d8e90)
 - final 'value' 'Ljava/lang/Object;' @16  a 'org/gradle/internal/fingerprint/impl/DefaultFileSystemLocationFingerprint'{0x0000000087e8f188} (87e8f188)
R9 =0x0000000000000080 is an unknown value
R10=0x0000000000080000 is an unknown value
R11=0x0000000000000001 is an unknown value
R12=0x0000002c9e3ff8f0 points into unknown readable memory: 0x00007ff8bbc087c0 | c0 87 c0 bb f8 7f 00 00
R13=0x0000015613bac7a0 points into unknown readable memory: 0x0000000000000800 | 00 08 00 00 00 00 00 00
R14=0x0000000000000040 is an unknown value
R15=0x0 is NULL


Registers:
RAX=0x0000000000000000, RBX=0x0000000087e90af5, RCX=0x0000000000000014, RDX=0x0000000000000000
RSP=0x0000002c9e3ff670, RBP=0x000000000000065e, RSI=0x0000000087e90af4, RDI=0x0000015638726650
R8 =0x0000000087e8f170, R9 =0x0000000000000080, R10=0x0000000000080000, R11=0x0000000000000001
R12=0x0000002c9e3ff8f0, R13=0x0000015613bac7a0, R14=0x0000000000000040, R15=0x0000000000000000
RIP=0x00007ff8bb5ac639, EFLAGS=0x0000000000010246

Top of Stack: (sp=0x0000002c9e3ff670)
0x0000002c9e3ff670:   0000000088116022 0000000000000646
0x0000002c9e3ff680:   0000015613bb72a0 0000000000000009
0x0000002c9e3ff690:   000001562870da00 000000000000000a
0x0000002c9e3ff6a0:   0000000000000280 0000002c9e3ff8f0
0x0000002c9e3ff6b0:   0000000085b40000 00007ff8bb5a942e
0x0000002c9e3ff6c0:   0000000000000000 0000015638726650
0x0000002c9e3ff6d0:   000001562870da00 000000000000000a
0x0000002c9e3ff6e0:   0000000011541461 00000015a35fbeea
0x0000002c9e3ff6f0:   0000002c9e3ff8f0 0000000085b40000
0x0000002c9e3ff700:   0000000085b41430 00007ff8bb5b7a23
0x0000002c9e3ff710:   0000000085b40000 0000002c9e3ff730
0x0000002c9e3ff720:   0000002c9e3ff740 0000015613bf9530
0x0000002c9e3ff730:   0000000085b40000 0000000000000280
0x0000002c9e3ff740:   00007ff8bbc085d8 0000000000000000
0x0000002c9e3ff750:   0000015613bae7c0 0000015638726650
0x0000002c9e3ff760:   000001562870da20 00007ff8bb5b99ce 

Instructions: (pc=0x00007ff8bb5ac639)
0x00007ff8bb5ac539:   ff 48 8d 53 fe 48 8b cf e8 6a f4 ff ff e9 35 fd
0x00007ff8bb5ac549:   ff ff 0f 1f 44 00 00 48 8b 77 10 8b ae 80 00 00
0x00007ff8bb5ac559:   00 8b cd 8b 86 00 01 00 00 2b c8 81 e1 ff ff 01
0x00007ff8bb5ac569:   00 41 3b ce 0f 86 e9 02 00 00 ff cd 81 e5 ff ff
0x00007ff8bb5ac579:   01 00 89 ae 80 00 00 00 e8 5a 84 36 00 90 8b d5
0x00007ff8bb5ac589:   8b 86 00 01 00 00 8b cd 48 8b 9e 80 01 00 00 2b
0x00007ff8bb5ac599:   c8 81 e1 ff ff 01 00 81 f9 ff ff 01 00 48 8b 1c
0x00007ff8bb5ac5a9:   eb 41 0f 44 cf 85 c9 75 3d 90 89 6c 24 50 48 8b
0x00007ff8bb5ac5b9:   86 00 01 00 00 48 8b c8 48 c1 e9 20 ff c1 89 4c
0x00007ff8bb5ac5c9:   24 54 3b e8 0f 85 77 02 00 00 48 c1 e1 20 48 0b
0x00007ff8bb5ac5d9:   ca f0 48 0f b1 8e 00 01 00 00 0f 85 61 02 00 00
0x00007ff8bb5ac5e9:   8b 86 00 01 00 00 f6 c3 01 0f 84 2f 01 00 00 8b
0x00007ff8bb5ac5f9:   0d ea 7c 81 00 48 8d 73 ff 48 8b 47 08 44 8b 16
0x00007ff8bb5ac609:   49 d3 e2 4c 03 15 cd 7c 81 00 8b 88 90 05 00 00
0x00007ff8bb5ac619:   49 8b d2 48 8b 80 80 05 00 00 48 d3 ea 0f b7 14
0x00007ff8bb5ac629:   50 0f b7 c2 66 c1 e8 08 84 c0 0f 88 17 ff ff ff
0x00007ff8bb5ac639:   4d 8b 02 41 0f b6 c0 24 03 3c 03 75 1e 44 38 3d
0x00007ff8bb5ac649:   83 42 88 00 74 0f 41 0f b6 c0 24 07 3c 05 75 05
0x00007ff8bb5ac659:   4d 8b c7 eb 17 49 83 e0 fc eb 11 4d 8b c8 48 8b
0x00007ff8bb5ac669:   cf 4d 8b c2 e8 2e ef ff ff 4c 8b c0 8b 0d 6d 7c
0x00007ff8bb5ac679:   81 00 49 8b d0 48 2b 15 5b 7c 81 00 48 d3 ea 89
0x00007ff8bb5ac689:   16 49 8b d0 8b 0d bd 4a 88 00 48 33 d6 48 d3 ea
0x00007ff8bb5ac699:   48 85 d2 0f 84 ae fe ff ff 48 8b 47 08 48 8b d6
0x00007ff8bb5ac6a9:   8b 88 c0 01 00 00 48 8b 80 b0 01 00 00 48 d3 ea
0x00007ff8bb5ac6b9:   48 8b 0c d0 8b 81 98 00 00 00 d1 e8 a8 01 0f 85
0x00007ff8bb5ac6c9:   83 fe ff ff 48 8b 47 08 8b 88 90 05 00 00 48 8b
0x00007ff8bb5ac6d9:   80 80 05 00 00 49 d3 e8 46 38 3c 40 0f 84 65 fe
0x00007ff8bb5ac6e9:   ff ff 48 8b 47 60 48 c1 ee 09 48 8b 58 40 48 8b
0x00007ff8bb5ac6f9:   48 38 48 03 de 48 2b d9 48 39 9f b0 01 00 00 0f
0x00007ff8bb5ac709:   84 42 fe ff ff 48 8d 14 0b 48 8d 4f 18 e8 a5 40
0x00007ff8bb5ac719:   00 00 48 89 9f b0 01 00 00 e9 29 fe ff ff f6 c3
0x00007ff8bb5ac729:   03 0f 85 09 01 00 00 48 8b 47 08 4c 8b 13 49 8b 


Stack slot to memory mapping:
stack at sp + 0 slots: 0x0000000088116022 is pointing into object: [Lcom.google.common.collect.ImmutableMapEntry; 
{0x0000000088116020} - klass: 'com/google/common/collect/ImmutableMapEntry'[]
 - length: 128
stack at sp + 1 slots: 0x0000000000000646 is an unknown value
stack at sp + 2 slots: 0x0000015613bb72a0 points into unknown readable memory: 0x0000000000000000 | 00 00 00 00 00 00 00 00
stack at sp + 3 slots: 0x0000000000000009 is an unknown value
stack at sp + 4 slots: 0x000001562870da00 points into unknown readable memory: 0xffffffffffffffff | ff ff ff ff ff ff ff ff
stack at sp + 5 slots: 0x000000000000000a is an unknown value
stack at sp + 6 slots: 0x0000000000000280 is an unknown value
stack at sp + 7 slots: 0x0000002c9e3ff8f0 points into unknown readable memory: 0x00007ff8bbc087c0 | c0 87 c0 bb f8 7f 00 00


---------------  P R O C E S S  ---------------

Threads class SMR info:
_java_thread_list=0x00000156365639e0, length=141, elements={
0x0000015613b9a2f0, 0x000001562f9e78f0, 0x00000156304100a0, 0x000001563041e000,
0x000001563041edc0, 0x0000015630477000, 0x00000156304778c0, 0x0000015630478c50,
0x000001563047d1f0, 0x00000156304802a0, 0x000001563061c210, 0x000001563062c740,
0x0000015632c1c370, 0x0000015631762150, 0x0000015632884130, 0x00000156328cd870,
0x00000156330bc030, 0x0000015631fc2960, 0x00000156316d1880, 0x0000015631fc37e0,
0x0000015631ea8ad0, 0x0000015631ea6df0, 0x0000015631ea5f80, 0x0000015631ea8fa0,
0x0000015631ea6920, 0x0000015631ea9470, 0x0000015631ea5ab0, 0x0000015631ea8130,
0x0000015631ea72c0, 0x0000015631ea8600, 0x0000015631ea7790, 0x0000015631ea6450,
0x00000156350591d0, 0x00000156350579c0, 0x00000156350596a0, 0x0000015635058830,
0x0000015635058360, 0x0000015635057020, 0x00000156356a6550, 0x00000156356ab250,
0x00000156356a6a20, 0x00000156356a9f10, 0x00000156356a56e0, 0x00000156356aad80,
0x00000156356a7d60, 0x00000156356a90a0, 0x00000156356a73c0, 0x00000156356a4d40,
0x00000156356a9a40, 0x00000156356aa3e0, 0x00000156356aa8b0, 0x00000156356a9570,
0x00000156356a5bb0, 0x00000156356abbf0, 0x00000156356a8230, 0x00000156356ac0c0,
0x00000156356a6080, 0x00000156356a7890, 0x00000156356ac590, 0x00000156356a8700,
0x00000156356a6ef0, 0x00000156356a5210, 0x00000156356a8bd0, 0x00000156306a62d0,
0x00000156306a32b0, 0x00000156306a3780, 0x00000156306a7ae0, 0x00000156306a4ac0,
0x00000156306a67a0, 0x00000156306a8950, 0x00000156306a5930, 0x00000156306a2440,
0x00000156306a2910, 0x00000156306a4120, 0x00000156306a4f90, 0x00000156306a7fb0,
0x00000156306a6c70, 0x00000156306a45f0, 0x00000156306a8480, 0x00000156306a2de0,
0x00000156306a3c50, 0x00000156306a8e20, 0x00000156306a5460, 0x00000156306a15d0,
0x00000156306a5e00, 0x00000156306a7140, 0x00000156306a7610, 0x00000156306a1aa0,
0x00000156306a1f70, 0x0000015632f1c300, 0x0000015632f19c80, 0x0000015632f18940,
0x0000015632f18470, 0x0000015632f1c7d0, 0x0000015632f17130, 0x0000015632f17ad0,
0x0000015632f17fa0, 0x0000015632f192e0, 0x0000015632f1cca0, 0x0000015632f1b960,
0x0000015632f1a150, 0x0000015632f16c60, 0x0000015632f1a620, 0x0000015632f1aaf0,
0x0000015632f162c0, 0x0000015632f1afc0, 0x0000015632f18e10, 0x0000015632f1b490,
0x0000015632f15450, 0x0000015632f1be30, 0x0000015632f15920, 0x0000015632f15df0,
0x0000015632f16790, 0x0000015632f17600, 0x0000015632f197b0, 0x000001563542bed0,
0x000001563542e550, 0x000001563542ba00, 0x000001563542c870, 0x000001563542dbb0,
0x000001563542c3a0, 0x000001563542d210, 0x000001563542b060, 0x000001563542d6e0,
0x000001563542b530, 0x000001563542cd40, 0x0000015635942d90, 0x00000156386a4ba0,
0x00000156386a63b0, 0x00000156386a5070, 0x00000156386aa710, 0x00000156386aba50,
0x00000156386a5a10, 0x00000156386a5ee0, 0x00000156386a7220, 0x00000156386a8a30,
0x0000015635945100, 0x00000156386a8f00, 0x00000156386aa240, 0x00000156386ab580,
0x00000156386abf20
}

Java Threads: ( => current thread )
  0x0000015613b9a2f0 JavaThread "main" [_thread_blocked, id=20880, stack(0x0000002c9c100000,0x0000002c9c200000)]
  0x000001562f9e78f0 JavaThread "Reference Handler" daemon [_thread_blocked, id=5740, stack(0x0000002c9c800000,0x0000002c9c900000)]
  0x00000156304100a0 JavaThread "Finalizer" daemon [_thread_blocked, id=20692, stack(0x0000002c9c900000,0x0000002c9ca00000)]
  0x000001563041e000 JavaThread "Signal Dispatcher" daemon [_thread_blocked, id=8580, stack(0x0000002c9ca00000,0x0000002c9cb00000)]
  0x000001563041edc0 JavaThread "Attach Listener" daemon [_thread_blocked, id=12296, stack(0x0000002c9cb00000,0x0000002c9cc00000)]
  0x0000015630477000 JavaThread "Service Thread" daemon [_thread_blocked, id=9908, stack(0x0000002c9cc00000,0x0000002c9cd00000)]
  0x00000156304778c0 JavaThread "Monitor Deflation Thread" daemon [_thread_blocked, id=20720, stack(0x0000002c9cd00000,0x0000002c9ce00000)]
  0x0000015630478c50 JavaThread "C2 CompilerThread0" daemon [_thread_blocked, id=8964, stack(0x0000002c9ce00000,0x0000002c9cf00000)]
  0x000001563047d1f0 JavaThread "C1 CompilerThread0" daemon [_thread_blocked, id=12204, stack(0x0000002c9cf00000,0x0000002c9d000000)]
  0x00000156304802a0 JavaThread "Sweeper thread" daemon [_thread_blocked, id=21340, stack(0x0000002c9d000000,0x0000002c9d100000)]
  0x000001563061c210 JavaThread "Common-Cleaner" daemon [_thread_blocked, id=20028, stack(0x0000002c9d100000,0x0000002c9d200000)]
  0x000001563062c740 JavaThread "Notification Thread" daemon [_thread_blocked, id=21784, stack(0x0000002c9d200000,0x0000002c9d300000)]
  0x0000015632c1c370 JavaThread "Daemon health stats" [_thread_blocked, id=2704, stack(0x0000002c9da00000,0x0000002c9db00000)]
  0x0000015631762150 JavaThread "Incoming local TCP Connector on port 64644" [_thread_in_native, id=7628, stack(0x0000002c9d400000,0x0000002c9d500000)]
  0x0000015632884130 JavaThread "Daemon periodic checks" [_thread_blocked, id=4140, stack(0x0000002c9db00000,0x0000002c9dc00000)]
  0x00000156328cd870 JavaThread "Daemon" [_thread_blocked, id=12708, stack(0x0000002c9dc00000,0x0000002c9dd00000)]
  0x00000156330bc030 JavaThread "Handler for socket connection from /127.0.0.1:64644 to /127.0.0.1:64645" [_thread_in_native, id=20416, stack(0x0000002c9dd00000,0x0000002c9de00000)]
  0x0000015631fc2960 JavaThread "Cancel handler" [_thread_blocked, id=2536, stack(0x0000002c9de00000,0x0000002c9df00000)]
  0x00000156316d1880 JavaThread "Daemon worker" [_thread_blocked, id=9184, stack(0x0000002c9df00000,0x0000002c9e000000)]
  0x0000015631fc37e0 JavaThread "Asynchronous log dispatcher for DefaultDaemonConnection: socket connection from /127.0.0.1:64644 to /127.0.0.1:64645" [_thread_blocked, id=3396, stack(0x0000002c9e000000,0x0000002c9e100000)]
  0x0000015631ea8ad0 JavaThread "Stdin handler" [_thread_blocked, id=4932, stack(0x0000002c9e100000,0x0000002c9e200000)]
  0x0000015631ea6df0 JavaThread "Daemon client event forwarder" [_thread_blocked, id=17936, stack(0x0000002c9e200000,0x0000002c9e300000)]
  0x0000015631ea5f80 JavaThread "Cache worker for journal cache (C:\Users\Gabriel\.gradle\caches\journal-1)" [_thread_blocked, id=11072, stack(0x0000002c9e600000,0x0000002c9e700000)]
  0x0000015631ea8fa0 JavaThread "File lock request listener" [_thread_in_native, id=13392, stack(0x0000002c9e700000,0x0000002c9e800000)]
  0x0000015631ea6920 JavaThread "Cache worker for file hash cache (C:\Users\Gabriel\.gradle\caches\8.0\fileHashes)" [_thread_blocked, id=2328, stack(0x0000002c9e800000,0x0000002c9e900000)]
  0x0000015631ea9470 JavaThread "File watcher server" daemon [_thread_blocked, id=11604, stack(0x0000002c9ea00000,0x0000002c9eb00000)]
  0x0000015631ea5ab0 JavaThread "File watcher consumer" daemon [_thread_blocked, id=7344, stack(0x0000002c9eb00000,0x0000002c9ec00000)]
  0x0000015631ea8130 JavaThread "Cache worker for checksums cache (C:\Users\Gabriel\OneDrive - Pontificia Universidad Javeriana\Trabajos_pontifarras\Sexto_Semestre\Computacion_Movil\TallerTriquiApp\TriquiApp\Tallertriqui\.gradle\8.0\checksums)" [_thread_blocked, id=2372, stack(0x0000002c9ec00000,0x0000002c9ed00000)]
  0x0000015631ea72c0 JavaThread "Cache worker for cache directory md-rule (C:\Users\Gabriel\.gradle\caches\8.0\md-rule)" [_thread_blocked, id=22036, stack(0x0000002c9ed00000,0x0000002c9ee00000)]
  0x0000015631ea8600 JavaThread "Cache worker for file content cache (C:\Users\Gabriel\.gradle\caches\8.0\fileContent)" [_thread_blocked, id=3428, stack(0x0000002c9ee00000,0x0000002c9ef00000)]
  0x0000015631ea7790 JavaThread "Cache worker for file hash cache (C:\Users\Gabriel\OneDrive - Pontificia Universidad Javeriana\Trabajos_pontifarras\Sexto_Semestre\Computacion_Movil\TallerTriquiApp\TriquiApp\Tallertriqui\.gradle\8.0\fileHashes)" [_thread_blocked, id=32, stack(0x0000002c9ef00000,0x0000002c9f000000)]
  0x0000015631ea6450 JavaThread "Cache worker for cache directory md-supplier (C:\Users\Gabriel\.gradle\caches\8.0\md-supplier)" [_thread_blocked, id=18008, stack(0x0000002c9f000000,0x0000002c9f100000)]
  0x00000156350591d0 JavaThread "Cache worker for execution history cache (C:\Users\Gabriel\.gradle\caches\8.0\executionHistory)" [_thread_blocked, id=21904, stack(0x0000002c9e900000,0x0000002c9ea00000)]
  0x00000156350579c0 JavaThread "jar transforms" [_thread_blocked, id=18208, stack(0x0000002c9f100000,0x0000002c9f200000)]
  0x00000156350596a0 JavaThread "jar transforms Thread 2" [_thread_blocked, id=12340, stack(0x0000002c9f200000,0x0000002c9f300000)]
  0x0000015635058830 JavaThread "Cache worker for kotlin-dsl (C:\Users\Gabriel\.gradle\caches\8.0\kotlin-dsl)" [_thread_blocked, id=1408, stack(0x0000002c9f500000,0x0000002c9f600000)]
  0x0000015635058360 JavaThread "jar transforms Thread 3" [_thread_blocked, id=6208, stack(0x0000002c9f600000,0x0000002c9f700000)]
  0x0000015635057020 JavaThread "jar transforms Thread 4" [_thread_blocked, id=20408, stack(0x0000002c9f400000,0x0000002c9f500000)]
  0x00000156356a6550 JavaThread "Cache worker for dependencies-accessors (C:\Users\Gabriel\OneDrive - Pontificia Universidad Javeriana\Trabajos_pontifarras\Sexto_Semestre\Computacion_Movil\TallerTriquiApp\TriquiApp\Tallertriqui\.gradle\8.0\dependencies-accessors)" [_thread_blocked, id=18828, stack(0x0000002c9f700000,0x0000002c9f800000)]
  0x00000156356ab250 JavaThread "Cache worker for Build Output Cleanup Cache (C:\Users\Gabriel\OneDrive - Pontificia Universidad Javeriana\Trabajos_pontifarras\Sexto_Semestre\Computacion_Movil\TallerTriquiApp\TriquiApp\Tallertriqui\.gradle\buildOutputCleanup)" [_thread_blocked, id=3204, stack(0x0000002c9f800000,0x0000002c9f900000)]
  0x00000156356a6a20 JavaThread "jar transforms Thread 5" [_thread_blocked, id=10132, stack(0x0000002c9f900000,0x0000002c9fa00000)]
  0x00000156356a9f10 JavaThread "Unconstrained build operations" [_thread_blocked, id=3752, stack(0x0000002c9f300000,0x0000002c9f400000)]
  0x00000156356a56e0 JavaThread "Unconstrained build operations Thread 2" [_thread_blocked, id=18284, stack(0x0000002c9fa00000,0x0000002c9fb00000)]
  0x00000156356aad80 JavaThread "Unconstrained build operations Thread 3" [_thread_blocked, id=20508, stack(0x0000002c9fc00000,0x0000002c9fd00000)]
  0x00000156356a7d60 JavaThread "Unconstrained build operations Thread 4" [_thread_blocked, id=20108, stack(0x0000002c9fd00000,0x0000002c9fe00000)]
  0x00000156356a90a0 JavaThread "Unconstrained build operations Thread 5" [_thread_blocked, id=13824, stack(0x0000002c9fe00000,0x0000002c9ff00000)]
  0x00000156356a73c0 JavaThread "Unconstrained build operations Thread 6" [_thread_blocked, id=8976, stack(0x0000002c9ff00000,0x0000002ca0000000)]
  0x00000156356a4d40 JavaThread "Unconstrained build operations Thread 7" [_thread_blocked, id=6596, stack(0x0000002ca0000000,0x0000002ca0100000)]
  0x00000156356a9a40 JavaThread "Unconstrained build operations Thread 8" [_thread_blocked, id=17560, stack(0x0000002ca0100000,0x0000002ca0200000)]
  0x00000156356aa3e0 JavaThread "Unconstrained build operations Thread 9" [_thread_blocked, id=22084, stack(0x0000002ca0200000,0x0000002ca0300000)]
  0x00000156356aa8b0 JavaThread "Unconstrained build operations Thread 10" [_thread_blocked, id=11188, stack(0x0000002ca0300000,0x0000002ca0400000)]
  0x00000156356a9570 JavaThread "Unconstrained build operations Thread 11" [_thread_blocked, id=2760, stack(0x0000002ca0400000,0x0000002ca0500000)]
  0x00000156356a5bb0 JavaThread "Unconstrained build operations Thread 12" [_thread_blocked, id=21096, stack(0x0000002ca0500000,0x0000002ca0600000)]
  0x00000156356abbf0 JavaThread "Unconstrained build operations Thread 13" [_thread_blocked, id=4176, stack(0x0000002ca0600000,0x0000002ca0700000)]
  0x00000156356a8230 JavaThread "Unconstrained build operations Thread 14" [_thread_blocked, id=5692, stack(0x0000002ca0700000,0x0000002ca0800000)]
  0x00000156356ac0c0 JavaThread "Unconstrained build operations Thread 15" [_thread_blocked, id=12324, stack(0x0000002ca0800000,0x0000002ca0900000)]
  0x00000156356a6080 JavaThread "Unconstrained build operations Thread 16" [_thread_blocked, id=16648, stack(0x0000002ca0900000,0x0000002ca0a00000)]
  0x00000156356a7890 JavaThread "Unconstrained build operations Thread 17" [_thread_blocked, id=19868, stack(0x0000002ca0a00000,0x0000002ca0b00000)]
  0x00000156356ac590 JavaThread "Unconstrained build operations Thread 18" [_thread_blocked, id=3088, stack(0x0000002ca0b00000,0x0000002ca0c00000)]
  0x00000156356a8700 JavaThread "Unconstrained build operations Thread 19" [_thread_blocked, id=17952, stack(0x0000002ca0c00000,0x0000002ca0d00000)]
  0x00000156356a6ef0 JavaThread "Unconstrained build operations Thread 20" [_thread_blocked, id=6160, stack(0x0000002ca0d00000,0x0000002ca0e00000)]
  0x00000156356a5210 JavaThread "Unconstrained build operations Thread 21" [_thread_blocked, id=19888, stack(0x0000002ca0e00000,0x0000002ca0f00000)]
  0x00000156356a8bd0 JavaThread "Unconstrained build operations Thread 22" [_thread_blocked, id=17724, stack(0x0000002ca0f00000,0x0000002ca1000000)]
  0x00000156306a62d0 JavaThread "Unconstrained build operations Thread 23" [_thread_blocked, id=1344, stack(0x0000002ca1000000,0x0000002ca1100000)]
  0x00000156306a32b0 JavaThread "Unconstrained build operations Thread 24" [_thread_blocked, id=19800, stack(0x0000002ca1100000,0x0000002ca1200000)]
  0x00000156306a3780 JavaThread "Unconstrained build operations Thread 25" [_thread_blocked, id=5452, stack(0x0000002ca1200000,0x0000002ca1300000)]
  0x00000156306a7ae0 JavaThread "Unconstrained build operations Thread 26" [_thread_blocked, id=2040, stack(0x0000002ca1300000,0x0000002ca1400000)]
  0x00000156306a4ac0 JavaThread "Unconstrained build operations Thread 27" [_thread_blocked, id=3360, stack(0x0000002ca1400000,0x0000002ca1500000)]
  0x00000156306a67a0 JavaThread "Unconstrained build operations Thread 28" [_thread_blocked, id=14856, stack(0x0000002ca1500000,0x0000002ca1600000)]
  0x00000156306a8950 JavaThread "Unconstrained build operations Thread 29" [_thread_blocked, id=7816, stack(0x0000002ca1600000,0x0000002ca1700000)]
  0x00000156306a5930 JavaThread "Unconstrained build operations Thread 30" [_thread_blocked, id=4888, stack(0x0000002ca1700000,0x0000002ca1800000)]
  0x00000156306a2440 JavaThread "Unconstrained build operations Thread 31" [_thread_blocked, id=10684, stack(0x0000002ca1800000,0x0000002ca1900000)]
  0x00000156306a2910 JavaThread "Unconstrained build operations Thread 32" [_thread_blocked, id=7444, stack(0x0000002ca1900000,0x0000002ca1a00000)]
  0x00000156306a4120 JavaThread "Unconstrained build operations Thread 33" [_thread_blocked, id=11076, stack(0x0000002ca1a00000,0x0000002ca1b00000)]
  0x00000156306a4f90 JavaThread "Unconstrained build operations Thread 34" [_thread_blocked, id=20320, stack(0x0000002ca1b00000,0x0000002ca1c00000)]
  0x00000156306a7fb0 JavaThread "Unconstrained build operations Thread 35" [_thread_blocked, id=8308, stack(0x0000002ca1c00000,0x0000002ca1d00000)]
  0x00000156306a6c70 JavaThread "Unconstrained build operations Thread 36" [_thread_blocked, id=20984, stack(0x0000002ca1d00000,0x0000002ca1e00000)]
  0x00000156306a45f0 JavaThread "Unconstrained build operations Thread 37" [_thread_blocked, id=8160, stack(0x0000002ca1e00000,0x0000002ca1f00000)]
  0x00000156306a8480 JavaThread "Unconstrained build operations Thread 38" [_thread_blocked, id=9500, stack(0x0000002ca1f00000,0x0000002ca2000000)]
  0x00000156306a2de0 JavaThread "Unconstrained build operations Thread 39" [_thread_blocked, id=20192, stack(0x0000002ca2000000,0x0000002ca2100000)]
  0x00000156306a3c50 JavaThread "Unconstrained build operations Thread 40" [_thread_blocked, id=18712, stack(0x0000002ca2100000,0x0000002ca2200000)]
  0x00000156306a8e20 JavaThread "Unconstrained build operations Thread 41" [_thread_blocked, id=13876, stack(0x0000002ca2200000,0x0000002ca2300000)]
  0x00000156306a5460 JavaThread "Unconstrained build operations Thread 42" [_thread_blocked, id=7060, stack(0x0000002ca2300000,0x0000002ca2400000)]
  0x00000156306a15d0 JavaThread "Unconstrained build operations Thread 43" [_thread_blocked, id=19988, stack(0x0000002ca2400000,0x0000002ca2500000)]
  0x00000156306a5e00 JavaThread "Unconstrained build operations Thread 44" [_thread_blocked, id=9464, stack(0x0000002ca2500000,0x0000002ca2600000)]
  0x00000156306a7140 JavaThread "Unconstrained build operations Thread 45" [_thread_blocked, id=8608, stack(0x0000002ca2600000,0x0000002ca2700000)]
  0x00000156306a7610 JavaThread "Unconstrained build operations Thread 46" [_thread_blocked, id=10532, stack(0x0000002ca2700000,0x0000002ca2800000)]
  0x00000156306a1aa0 JavaThread "Unconstrained build operations Thread 47" [_thread_blocked, id=22444, stack(0x0000002ca2800000,0x0000002ca2900000)]
  0x00000156306a1f70 JavaThread "Unconstrained build operations Thread 48" [_thread_blocked, id=6896, stack(0x0000002ca2900000,0x0000002ca2a00000)]
  0x0000015632f1c300 JavaThread "Unconstrained build operations Thread 49" [_thread_blocked, id=22228, stack(0x0000002ca2a00000,0x0000002ca2b00000)]
  0x0000015632f19c80 JavaThread "Unconstrained build operations Thread 50" [_thread_blocked, id=22532, stack(0x0000002ca2b00000,0x0000002ca2c00000)]
  0x0000015632f18940 JavaThread "Unconstrained build operations Thread 51" [_thread_blocked, id=22536, stack(0x0000002ca2c00000,0x0000002ca2d00000)]
  0x0000015632f18470 JavaThread "Unconstrained build operations Thread 52" [_thread_blocked, id=22540, stack(0x0000002ca2d00000,0x0000002ca2e00000)]
  0x0000015632f1c7d0 JavaThread "Unconstrained build operations Thread 53" [_thread_blocked, id=22544, stack(0x0000002ca2e00000,0x0000002ca2f00000)]
  0x0000015632f17130 JavaThread "Unconstrained build operations Thread 54" [_thread_blocked, id=22548, stack(0x0000002ca2f00000,0x0000002ca3000000)]
  0x0000015632f17ad0 JavaThread "Unconstrained build operations Thread 55" [_thread_blocked, id=22552, stack(0x0000002ca3000000,0x0000002ca3100000)]
  0x0000015632f17fa0 JavaThread "Unconstrained build operations Thread 56" [_thread_blocked, id=22556, stack(0x0000002ca3100000,0x0000002ca3200000)]
  0x0000015632f192e0 JavaThread "Unconstrained build operations Thread 57" [_thread_blocked, id=22560, stack(0x0000002ca3200000,0x0000002ca3300000)]
  0x0000015632f1cca0 JavaThread "Unconstrained build operations Thread 58" [_thread_blocked, id=22564, stack(0x0000002ca3300000,0x0000002ca3400000)]
  0x0000015632f1b960 JavaThread "Unconstrained build operations Thread 59" [_thread_blocked, id=22568, stack(0x0000002ca3400000,0x0000002ca3500000)]
  0x0000015632f1a150 JavaThread "Unconstrained build operations Thread 60" [_thread_blocked, id=22572, stack(0x0000002ca3500000,0x0000002ca3600000)]
  0x0000015632f16c60 JavaThread "Unconstrained build operations Thread 61" [_thread_blocked, id=22576, stack(0x0000002ca3600000,0x0000002ca3700000)]
  0x0000015632f1a620 JavaThread "Unconstrained build operations Thread 62" [_thread_blocked, id=22580, stack(0x0000002ca3700000,0x0000002ca3800000)]
  0x0000015632f1aaf0 JavaThread "Unconstrained build operations Thread 63" [_thread_blocked, id=22584, stack(0x0000002ca3800000,0x0000002ca3900000)]
  0x0000015632f162c0 JavaThread "Unconstrained build operations Thread 64" [_thread_blocked, id=22588, stack(0x0000002ca3900000,0x0000002ca3a00000)]
  0x0000015632f1afc0 JavaThread "Unconstrained build operations Thread 65" [_thread_blocked, id=22592, stack(0x0000002ca3a00000,0x0000002ca3b00000)]
  0x0000015632f18e10 JavaThread "Unconstrained build operations Thread 66" [_thread_blocked, id=22596, stack(0x0000002ca3b00000,0x0000002ca3c00000)]
  0x0000015632f1b490 JavaThread "Unconstrained build operations Thread 67" [_thread_blocked, id=22600, stack(0x0000002ca3c00000,0x0000002ca3d00000)]
  0x0000015632f15450 JavaThread "Unconstrained build operations Thread 68" [_thread_blocked, id=22604, stack(0x0000002ca3d00000,0x0000002ca3e00000)]
  0x0000015632f1be30 JavaThread "Unconstrained build operations Thread 69" [_thread_blocked, id=22608, stack(0x0000002ca3e00000,0x0000002ca3f00000)]
  0x0000015632f15920 JavaThread "Unconstrained build operations Thread 70" [_thread_blocked, id=22612, stack(0x0000002ca3f00000,0x0000002ca4000000)]
  0x0000015632f15df0 JavaThread "Unconstrained build operations Thread 71" [_thread_blocked, id=22616, stack(0x0000002ca4000000,0x0000002ca4100000)]
  0x0000015632f16790 JavaThread "Unconstrained build operations Thread 72" [_thread_blocked, id=22620, stack(0x0000002ca4100000,0x0000002ca4200000)]
  0x0000015632f17600 JavaThread "Unconstrained build operations Thread 73" [_thread_blocked, id=22624, stack(0x0000002ca4200000,0x0000002ca4300000)]
  0x0000015632f197b0 JavaThread "Unconstrained build operations Thread 74" [_thread_blocked, id=22628, stack(0x0000002ca4300000,0x0000002ca4400000)]
  0x000001563542bed0 JavaThread "Unconstrained build operations Thread 75" [_thread_blocked, id=22632, stack(0x0000002ca4400000,0x0000002ca4500000)]
  0x000001563542e550 JavaThread "Unconstrained build operations Thread 76" [_thread_blocked, id=22636, stack(0x0000002ca4500000,0x0000002ca4600000)]
  0x000001563542ba00 JavaThread "Unconstrained build operations Thread 77" [_thread_blocked, id=22640, stack(0x0000002ca4600000,0x0000002ca4700000)]
  0x000001563542c870 JavaThread "Unconstrained build operations Thread 78" [_thread_blocked, id=22644, stack(0x0000002ca4700000,0x0000002ca4800000)]
  0x000001563542dbb0 JavaThread "Unconstrained build operations Thread 79" [_thread_blocked, id=22648, stack(0x0000002ca4800000,0x0000002ca4900000)]
  0x000001563542c3a0 JavaThread "Unconstrained build operations Thread 80" [_thread_blocked, id=22652, stack(0x0000002ca4900000,0x0000002ca4a00000)]
  0x000001563542d210 JavaThread "jar transforms Thread 6" [_thread_blocked, id=22684, stack(0x0000002ca4c00000,0x0000002ca4d00000)]
  0x000001563542b060 JavaThread "jar transforms Thread 7" [_thread_blocked, id=22688, stack(0x0000002ca4d00000,0x0000002ca4e00000)]
  0x000001563542d6e0 JavaThread "jar transforms Thread 8" [_thread_blocked, id=22692, stack(0x0000002ca4e00000,0x0000002ca4f00000)]
  0x000001563542b530 JavaThread "build event listener" [_thread_blocked, id=22704, stack(0x0000002ca4b00000,0x0000002ca4c00000)]
  0x000001563542cd40 JavaThread "Memory manager" [_thread_blocked, id=22728, stack(0x0000002ca5000000,0x0000002ca5100000)]
  0x0000015635942d90 JavaThread "C2 CompilerThread1" daemon [_thread_blocked, id=22756, stack(0x0000002ca4a00000,0x0000002ca4b00000)]
  0x00000156386a4ba0 JavaThread "included builds" [_thread_blocked, id=22824, stack(0x0000002ca5100000,0x0000002ca5200000)]
  0x00000156386a63b0 JavaThread "Execution worker" [_thread_blocked, id=22828, stack(0x0000002ca5200000,0x0000002ca5300000)]
  0x00000156386a5070 JavaThread "Execution worker Thread 2" [_thread_blocked, id=22832, stack(0x0000002ca5300000,0x0000002ca5400000)]
  0x00000156386aa710 JavaThread "Execution worker Thread 3" [_thread_blocked, id=22836, stack(0x0000002ca5400000,0x0000002ca5500000)]
  0x00000156386aba50 JavaThread "Execution worker Thread 4" [_thread_blocked, id=22840, stack(0x0000002ca5500000,0x0000002ca5600000)]
  0x00000156386a5a10 JavaThread "Execution worker Thread 5" [_thread_blocked, id=22844, stack(0x0000002ca5600000,0x0000002ca5700000)]
  0x00000156386a5ee0 JavaThread "Execution worker Thread 6" [_thread_blocked, id=22848, stack(0x0000002ca5700000,0x0000002ca5800000)]
  0x00000156386a7220 JavaThread "Execution worker Thread 7" [_thread_blocked, id=22852, stack(0x0000002ca5800000,0x0000002ca5900000)]
  0x00000156386a8a30 JavaThread "Cache worker for execution history cache (C:\Users\Gabriel\OneDrive - Pontificia Universidad Javeriana\Trabajos_pontifarras\Sexto_Semestre\Computacion_Movil\TallerTriquiApp\TriquiApp\Tallertriqui\.gradle\8.0\executionHistory)" [_thread_blocked, id=22856, stack(0x0000002ca5900000,0x0000002ca5a00000)]
  0x0000015635945100 JavaThread "C2 CompilerThread2" daemon [_thread_blocked, id=22884, stack(0x0000002ca4f00000,0x0000002ca5000000)]
  0x00000156386a8f00 JavaThread "WorkerExecutor Queue" [_thread_blocked, id=22904, stack(0x0000002ca5a00000,0x0000002ca5b00000)]
  0x00000156386aa240 JavaThread "pool-3-thread-1" [_thread_blocked, id=22908, stack(0x0000002ca5b00000,0x0000002ca5c00000)]
  0x00000156386ab580 JavaThread "stderr" [_thread_in_native, id=22924, stack(0x0000002ca5c00000,0x0000002ca5d00000)]
  0x00000156386abf20 JavaThread "stdout" [_thread_blocked, id=22928, stack(0x0000002ca5d00000,0x0000002ca5e00000)]

Other Threads:
  0x000001563044aa30 VMThread "VM Thread" [stack: 0x0000002c9c700000,0x0000002c9c800000] [id=15980]
  0x000001563062f840 WatcherThread [stack: 0x0000002c9d300000,0x0000002c9d400000] [id=6704]
  0x0000015613bf9010 GCTaskThread "GC Thread#0" [stack: 0x0000002c9c200000,0x0000002c9c300000] [id=5800]
  0x0000015631211490 GCTaskThread "GC Thread#1" [stack: 0x0000002c9d500000,0x0000002c9d600000] [id=20736]
  0x0000015631211740 GCTaskThread "GC Thread#2" [stack: 0x0000002c9d600000,0x0000002c9d700000] [id=20856]
  0x000001563122e970 GCTaskThread "GC Thread#3" [stack: 0x0000002c9d700000,0x0000002c9d800000] [id=18568]
  0x000001563122f3c0 GCTaskThread "GC Thread#4" [stack: 0x0000002c9d800000,0x0000002c9d900000] [id=2196]
  0x000001563122f670 GCTaskThread "GC Thread#5" [stack: 0x0000002c9d900000,0x0000002c9da00000] [id=9324]
=>0x0000015631c08280 GCTaskThread "GC Thread#6" [stack: 0x0000002c9e300000,0x0000002c9e400000] [id=4828]
  0x000001563155a1b0 GCTaskThread "GC Thread#7" [stack: 0x0000002c9e400000,0x0000002c9e500000] [id=2076]
  0x0000015613c09e60 ConcurrentGCThread "G1 Main Marker" [stack: 0x0000002c9c300000,0x0000002c9c400000] [id=5124]
  0x0000015613c0af20 ConcurrentGCThread "G1 Conc#0" [stack: 0x0000002c9c400000,0x0000002c9c500000] [id=2248]
  0x00000156314a61c0 ConcurrentGCThread "G1 Conc#1" [stack: 0x0000002c9e500000,0x0000002c9e600000] [id=20632]
  0x0000015613c6e710 ConcurrentGCThread "G1 Refine#0" [stack: 0x0000002c9c500000,0x0000002c9c600000] [id=484]
  0x000001562f86a300 ConcurrentGCThread "G1 Service" [stack: 0x0000002c9c600000,0x0000002c9c700000] [id=21868]

Threads with active compile tasks:
C2 CompilerThread0    29303 12563   !   4       org.gradle.api.internal.attributes.DefaultImmutableAttributesFactory::doConcatIsolatable (128 bytes)
C2 CompilerThread1    29303 12482   !   4       org.gradle.internal.classloader.CachingClassLoader::loadClass (85 bytes)
C2 CompilerThread2    29303 12485       4       org.gradle.internal.snapshot.AbstractListChildMap::store (72 bytes)

VM state: at safepoint (normal execution)

VM Mutex/Monitor currently owned by a thread:  ([mutex/lock_event])
[0x0000015613b957f0] Threads_lock - owner thread: 0x000001563044aa30
[0x0000015613b95fd0] Heap_lock - owner thread: 0x00000156386a5070

Heap address: 0x0000000080000000, size: 2048 MB, Compressed Oops mode: 32-bit

CDS archive(s) not mapped
Compressed class space mapped at: 0x0000000100000000-0x0000000140000000, reserved size: 1073741824
Narrow klass base: 0x0000000000000000, Narrow klass shift: 3, Narrow klass range: 0x140000000

GC Precious Log:
 CPUs: 8 total, 8 available
 Memory: 16226M
 Large Page Support: Disabled
 NUMA Support: Disabled
 Compressed Oops: Enabled (32-bit)
 Heap Region Size: 1M
 Heap Min Capacity: 8M
 Heap Initial Capacity: 254M
 Heap Max Capacity: 2G
 Pre-touch: Disabled
 Parallel Workers: 8
 Concurrent Workers: 2
 Concurrent Refinement Workers: 8
 Periodic GC: Disabled

Heap:
 garbage-first heap   total 192512K, used 155120K [0x0000000080000000, 0x0000000100000000)
  region size 1024K, 62 young (63488K), 8 survivors (8192K)
 Metaspace       used 103472K, committed 104256K, reserved 1138688K
  class space    used 14024K, committed 14400K, reserved 1048576K

Heap Regions: E=young(eden), S=young(survivor), O=old, HS=humongous(starts), HC=humongous(continues), CS=collection set, F=free, OA=open archive, CA=closed archive, TAMS=top-at-mark-start (previous, next)
|   0|0x0000000080000000, 0x0000000080100000, 0x0000000080100000|100%|HS|  |TAMS 0x0000000080100000, 0x0000000080000000| Complete 
|   1|0x0000000080100000, 0x0000000080200000, 0x0000000080200000|100%|HC|  |TAMS 0x0000000080200000, 0x0000000080100000| Complete 
|   2|0x0000000080200000, 0x0000000080300000, 0x0000000080300000|100%|HC|  |TAMS 0x0000000080300000, 0x0000000080200000| Complete 
|   3|0x0000000080300000, 0x0000000080400000, 0x0000000080400000|100%|HC|  |TAMS 0x0000000080400000, 0x0000000080300000| Complete 
|   4|0x0000000080400000, 0x0000000080500000, 0x0000000080500000|100%| O|  |TAMS 0x0000000080500000, 0x0000000080400000| Untracked 
|   5|0x0000000080500000, 0x0000000080600000, 0x0000000080600000|100%| O|  |TAMS 0x0000000080600000, 0x0000000080500000| Untracked 
|   6|0x0000000080600000, 0x0000000080700000, 0x0000000080700000|100%| O|  |TAMS 0x0000000080700000, 0x0000000080600000| Untracked 
|   7|0x0000000080700000, 0x0000000080800000, 0x0000000080800000|100%| O|  |TAMS 0x0000000080800000, 0x0000000080700000| Untracked 
|   8|0x0000000080800000, 0x0000000080900000, 0x0000000080900000|100%| O|  |TAMS 0x0000000080900000, 0x0000000080800000| Untracked 
|   9|0x0000000080900000, 0x0000000080a00000, 0x0000000080a00000|100%| O|  |TAMS 0x0000000080a00000, 0x0000000080900000| Untracked 
|  10|0x0000000080a00000, 0x0000000080afb000, 0x0000000080b00000| 98%| O|  |TAMS 0x0000000080afb000, 0x0000000080a00000| Untracked 
|  11|0x0000000080b00000, 0x0000000080c00000, 0x0000000080c00000|100%| O|  |TAMS 0x0000000080c00000, 0x0000000080b00000| Untracked 
|  12|0x0000000080c00000, 0x0000000080d00000, 0x0000000080d00000|100%| O|  |TAMS 0x0000000080d00000, 0x0000000080c00000| Untracked 
|  13|0x0000000080d00000, 0x0000000080e00000, 0x0000000080e00000|100%| O|  |TAMS 0x0000000080e00000, 0x0000000080d00000| Untracked 
|  14|0x0000000080e00000, 0x0000000080f00000, 0x0000000080f00000|100%| O|  |TAMS 0x0000000080f00000, 0x0000000080e00000| Untracked 
|  15|0x0000000080f00000, 0x0000000081000000, 0x0000000081000000|100%| O|  |TAMS 0x0000000081000000, 0x0000000080f00000| Untracked 
|  16|0x0000000081000000, 0x0000000081100000, 0x0000000081100000|100%| O|  |TAMS 0x0000000081100000, 0x0000000081000000| Untracked 
|  17|0x0000000081100000, 0x0000000081200000, 0x0000000081200000|100%| O|  |TAMS 0x0000000081200000, 0x0000000081100000| Untracked 
|  18|0x0000000081200000, 0x0000000081300000, 0x0000000081300000|100%| O|  |TAMS 0x0000000081300000, 0x0000000081200000| Untracked 
|  19|0x0000000081300000, 0x0000000081400000, 0x0000000081400000|100%| O|  |TAMS 0x0000000081400000, 0x0000000081300000| Untracked 
|  20|0x0000000081400000, 0x0000000081500000, 0x0000000081500000|100%| O|  |TAMS 0x0000000081500000, 0x0000000081400000| Untracked 
|  21|0x0000000081500000, 0x0000000081600000, 0x0000000081600000|100%| O|  |TAMS 0x0000000081600000, 0x0000000081500000| Untracked 
|  22|0x0000000081600000, 0x0000000081700000, 0x0000000081700000|100%| O|  |TAMS 0x0000000081700000, 0x0000000081600000| Untracked 
|  23|0x0000000081700000, 0x0000000081800000, 0x0000000081800000|100%| O|  |TAMS 0x0000000081800000, 0x0000000081700000| Untracked 
|  24|0x0000000081800000, 0x0000000081900000, 0x0000000081900000|100%| O|  |TAMS 0x0000000081900000, 0x0000000081800000| Untracked 
|  25|0x0000000081900000, 0x0000000081a00000, 0x0000000081a00000|100%| O|  |TAMS 0x0000000081a00000, 0x0000000081900000| Untracked 
|  26|0x0000000081a00000, 0x0000000081b00000, 0x0000000081b00000|100%| O|  |TAMS 0x0000000081b00000, 0x0000000081a00000| Untracked 
|  27|0x0000000081b00000, 0x0000000081c00000, 0x0000000081c00000|100%| O|  |TAMS 0x0000000081c00000, 0x0000000081b00000| Untracked 
|  28|0x0000000081c00000, 0x0000000081d00000, 0x0000000081d00000|100%| O|  |TAMS 0x0000000081d00000, 0x0000000081c00000| Untracked 
|  29|0x0000000081d00000, 0x0000000081e00000, 0x0000000081e00000|100%| O|  |TAMS 0x0000000081e00000, 0x0000000081d00000| Untracked 
|  30|0x0000000081e00000, 0x0000000081f00000, 0x0000000081f00000|100%| O|  |TAMS 0x0000000081f00000, 0x0000000081e00000| Complete 
|  31|0x0000000081f00000, 0x0000000082000000, 0x0000000082000000|100%| O|  |TAMS 0x0000000082000000, 0x0000000081f00000| Untracked 
|  32|0x0000000082000000, 0x0000000082100000, 0x0000000082100000|100%| O|  |TAMS 0x0000000082100000, 0x0000000082000000| Untracked 
|  33|0x0000000082100000, 0x0000000082200000, 0x0000000082200000|100%| O|  |TAMS 0x0000000082200000, 0x0000000082100000| Untracked 
|  34|0x0000000082200000, 0x0000000082300000, 0x0000000082300000|100%| O|  |TAMS 0x0000000082300000, 0x0000000082200000| Untracked 
|  35|0x0000000082300000, 0x0000000082400000, 0x0000000082400000|100%| O|  |TAMS 0x0000000082400000, 0x0000000082300000| Untracked 
|  36|0x0000000082400000, 0x0000000082500000, 0x0000000082500000|100%| O|  |TAMS 0x0000000082500000, 0x0000000082400000| Untracked 
|  37|0x0000000082500000, 0x0000000082600000, 0x0000000082600000|100%| O|  |TAMS 0x0000000082600000, 0x0000000082500000| Untracked 
|  38|0x0000000082600000, 0x0000000082700000, 0x0000000082700000|100%| O|  |TAMS 0x0000000082700000, 0x0000000082600000| Untracked 
|  39|0x0000000082700000, 0x0000000082800000, 0x0000000082800000|100%| O|  |TAMS 0x0000000082800000, 0x0000000082700000| Untracked 
|  40|0x0000000082800000, 0x0000000082900000, 0x0000000082900000|100%|HS|  |TAMS 0x0000000082900000, 0x0000000082800000| Complete 
|  41|0x0000000082900000, 0x0000000082a00000, 0x0000000082a00000|100%|HS|  |TAMS 0x0000000082a00000, 0x0000000082900000| Complete 
|  42|0x0000000082a00000, 0x0000000082b00000, 0x0000000082b00000|100%|HS|  |TAMS 0x0000000082b00000, 0x0000000082a00000| Complete 
|  43|0x0000000082b00000, 0x0000000082c00000, 0x0000000082c00000|100%|HC|  |TAMS 0x0000000082c00000, 0x0000000082b00000| Complete 
|  44|0x0000000082c00000, 0x0000000082d00000, 0x0000000082d00000|100%|HS|  |TAMS 0x0000000082d00000, 0x0000000082c00000| Complete 
|  45|0x0000000082d00000, 0x0000000082e00000, 0x0000000082e00000|100%| O|  |TAMS 0x0000000082e00000, 0x0000000082d00000| Untracked 
|  46|0x0000000082e00000, 0x0000000082f00000, 0x0000000082f00000|100%|HS|  |TAMS 0x0000000082f00000, 0x0000000082e00000| Complete 
|  47|0x0000000082f00000, 0x0000000083000000, 0x0000000083000000|100%|HC|  |TAMS 0x0000000083000000, 0x0000000082f00000| Complete 
|  48|0x0000000083000000, 0x0000000083100000, 0x0000000083100000|100%|HC|  |TAMS 0x0000000083100000, 0x0000000083000000| Complete 
|  49|0x0000000083100000, 0x0000000083200000, 0x0000000083200000|100%|HC|  |TAMS 0x0000000083200000, 0x0000000083100000| Complete 
|  50|0x0000000083200000, 0x0000000083300000, 0x0000000083300000|100%| O|  |TAMS 0x0000000083300000, 0x0000000083200000| Untracked 
|  51|0x0000000083300000, 0x0000000083400000, 0x0000000083400000|100%| O|  |TAMS 0x0000000083400000, 0x0000000083300000| Untracked 
|  52|0x0000000083400000, 0x0000000083500000, 0x0000000083500000|100%| O|  |TAMS 0x0000000083500000, 0x0000000083400000| Untracked 
|  53|0x0000000083500000, 0x0000000083600000, 0x0000000083600000|100%| O|  |TAMS 0x0000000083600000, 0x0000000083500000| Untracked 
|  54|0x0000000083600000, 0x0000000083700000, 0x0000000083700000|100%| O|  |TAMS 0x0000000083700000, 0x0000000083600000| Untracked 
|  55|0x0000000083700000, 0x0000000083800000, 0x0000000083800000|100%| O|  |TAMS 0x0000000083800000, 0x0000000083700000| Untracked 
|  56|0x0000000083800000, 0x0000000083900000, 0x0000000083900000|100%| O|  |TAMS 0x0000000083900000, 0x0000000083800000| Untracked 
|  57|0x0000000083900000, 0x0000000083a00000, 0x0000000083a00000|100%| O|  |TAMS 0x0000000083a00000, 0x0000000083900000| Untracked 
|  58|0x0000000083a00000, 0x0000000083b00000, 0x0000000083b00000|100%| O|  |TAMS 0x0000000083b00000, 0x0000000083a00000| Untracked 
|  59|0x0000000083b00000, 0x0000000083c00000, 0x0000000083c00000|100%| O|  |TAMS 0x0000000083c00000, 0x0000000083b00000| Untracked 
|  60|0x0000000083c00000, 0x0000000083d00000, 0x0000000083d00000|100%| O|  |TAMS 0x0000000083d00000, 0x0000000083c00000| Untracked 
|  61|0x0000000083d00000, 0x0000000083e00000, 0x0000000083e00000|100%| O|  |TAMS 0x0000000083e00000, 0x0000000083d00000| Untracked 
|  62|0x0000000083e00000, 0x0000000083f00000, 0x0000000083f00000|100%| O|  |TAMS 0x0000000083f00000, 0x0000000083e00000| Untracked 
|  63|0x0000000083f00000, 0x0000000084000000, 0x0000000084000000|100%| O|  |TAMS 0x0000000084000000, 0x0000000083f00000| Untracked 
|  64|0x0000000084000000, 0x0000000084100000, 0x0000000084100000|100%| O|  |TAMS 0x0000000084100000, 0x0000000084000000| Untracked 
|  65|0x0000000084100000, 0x0000000084200000, 0x0000000084200000|100%| O|  |TAMS 0x0000000084200000, 0x0000000084100000| Untracked 
|  66|0x0000000084200000, 0x0000000084300000, 0x0000000084300000|100%| O|  |TAMS 0x0000000084300000, 0x0000000084200000| Untracked 
|  67|0x0000000084300000, 0x0000000084400000, 0x0000000084400000|100%| O|  |TAMS 0x0000000084400000, 0x0000000084300000| Untracked 
|  68|0x0000000084400000, 0x0000000084500000, 0x0000000084500000|100%| O|  |TAMS 0x0000000084500000, 0x0000000084400000| Untracked 
|  69|0x0000000084500000, 0x0000000084600000, 0x0000000084600000|100%| O|  |TAMS 0x0000000084600000, 0x0000000084500000| Untracked 
|  70|0x0000000084600000, 0x0000000084700000, 0x0000000084700000|100%| O|  |TAMS 0x0000000084700000, 0x0000000084600000| Untracked 
|  71|0x0000000084700000, 0x0000000084800000, 0x0000000084800000|100%| O|  |TAMS 0x0000000084800000, 0x0000000084700000| Untracked 
|  72|0x0000000084800000, 0x0000000084900000, 0x0000000084900000|100%| O|  |TAMS 0x0000000084900000, 0x0000000084800000| Untracked 
|  73|0x0000000084900000, 0x0000000084a00000, 0x0000000084a00000|100%| O|  |TAMS 0x0000000084a00000, 0x0000000084900000| Untracked 
|  74|0x0000000084a00000, 0x0000000084b00000, 0x0000000084b00000|100%| O|  |TAMS 0x0000000084b00000, 0x0000000084a00000| Untracked 
|  75|0x0000000084b00000, 0x0000000084c00000, 0x0000000084c00000|100%| O|  |TAMS 0x0000000084c00000, 0x0000000084b00000| Untracked 
|  76|0x0000000084c00000, 0x0000000084d00000, 0x0000000084d00000|100%| O|  |TAMS 0x0000000084d00000, 0x0000000084c00000| Untracked 
|  77|0x0000000084d00000, 0x0000000084e00000, 0x0000000084e00000|100%| O|  |TAMS 0x0000000084e00000, 0x0000000084d00000| Untracked 
|  78|0x0000000084e00000, 0x0000000084f00000, 0x0000000084f00000|100%| O|  |TAMS 0x0000000084f00000, 0x0000000084e00000| Untracked 
|  79|0x0000000084f00000, 0x0000000085000000, 0x0000000085000000|100%| O|  |TAMS 0x0000000085000000, 0x0000000084f00000| Untracked 
|  80|0x0000000085000000, 0x0000000085100000, 0x0000000085100000|100%| O|  |TAMS 0x0000000085100000, 0x0000000085000000| Untracked 
|  81|0x0000000085100000, 0x0000000085200000, 0x0000000085200000|100%| O|  |TAMS 0x0000000085200000, 0x0000000085100000| Untracked 
|  82|0x0000000085200000, 0x0000000085300000, 0x0000000085300000|100%| O|  |TAMS 0x0000000085300000, 0x0000000085200000| Untracked 
|  83|0x0000000085300000, 0x0000000085400000, 0x0000000085400000|100%| O|  |TAMS 0x0000000085400000, 0x0000000085300000| Untracked 
|  84|0x0000000085400000, 0x0000000085500000, 0x0000000085500000|100%| O|  |TAMS 0x0000000085500000, 0x0000000085400000| Untracked 
|  85|0x0000000085500000, 0x0000000085600000, 0x0000000085600000|100%| O|  |TAMS 0x0000000085600000, 0x0000000085500000| Untracked 
|  86|0x0000000085600000, 0x0000000085700000, 0x0000000085700000|100%| O|  |TAMS 0x0000000085700000, 0x0000000085600000| Untracked 
|  87|0x0000000085700000, 0x0000000085800000, 0x0000000085800000|100%| O|  |TAMS 0x0000000085766a00, 0x0000000085700000| Untracked 
|  88|0x0000000085800000, 0x0000000085900000, 0x0000000085900000|100%| O|  |TAMS 0x0000000085800000, 0x0000000085800000| Untracked 
|  89|0x0000000085900000, 0x0000000085a00000, 0x0000000085a00000|100%| O|  |TAMS 0x0000000085900000, 0x0000000085900000| Untracked 
|  90|0x0000000085a00000, 0x0000000085b00000, 0x0000000085b00000|100%| O|  |TAMS 0x0000000085a00000, 0x0000000085a00000| Untracked 
|  91|0x0000000085b00000, 0x0000000085c00000, 0x0000000085c00000|100%| O|  |TAMS 0x0000000085b00000, 0x0000000085b00000| Untracked 
|  92|0x0000000085c00000, 0x0000000085d00000, 0x0000000085d00000|100%| O|  |TAMS 0x0000000085c00000, 0x0000000085c00000| Untracked 
|  93|0x0000000085d00000, 0x0000000085e00000, 0x0000000085e00000|100%|HS|  |TAMS 0x0000000085d00000, 0x0000000085d00000| Complete 
|  94|0x0000000085e00000, 0x0000000085e22be0, 0x0000000085f00000| 13%| O|  |TAMS 0x0000000085e00000, 0x0000000085e00000| Untracked 
|  95|0x0000000085f00000, 0x0000000085f00000, 0x0000000086000000|  0%| F|  |TAMS 0x0000000085f00000, 0x0000000085f00000| Untracked 
|  96|0x0000000086000000, 0x0000000086000000, 0x0000000086100000|  0%| F|  |TAMS 0x0000000086000000, 0x0000000086000000| Untracked 
|  97|0x0000000086100000, 0x0000000086100000, 0x0000000086200000|  0%| F|  |TAMS 0x0000000086100000, 0x0000000086100000| Untracked 
|  98|0x0000000086200000, 0x0000000086200000, 0x0000000086300000|  0%| F|  |TAMS 0x0000000086200000, 0x0000000086200000| Untracked 
|  99|0x0000000086300000, 0x0000000086300000, 0x0000000086400000|  0%| F|  |TAMS 0x0000000086300000, 0x0000000086300000| Untracked 
| 100|0x0000000086400000, 0x0000000086400000, 0x0000000086500000|  0%| F|  |TAMS 0x0000000086400000, 0x0000000086400000| Untracked 
| 101|0x0000000086500000, 0x0000000086500000, 0x0000000086600000|  0%| F|  |TAMS 0x0000000086500000, 0x0000000086500000| Untracked 
| 102|0x0000000086600000, 0x0000000086600000, 0x0000000086700000|  0%| F|  |TAMS 0x0000000086600000, 0x0000000086600000| Untracked 
| 103|0x0000000086700000, 0x0000000086700000, 0x0000000086800000|  0%| F|  |TAMS 0x0000000086700000, 0x0000000086700000| Untracked 
| 104|0x0000000086800000, 0x0000000086800000, 0x0000000086900000|  0%| F|  |TAMS 0x0000000086800000, 0x0000000086800000| Untracked 
| 105|0x0000000086900000, 0x0000000086900000, 0x0000000086a00000|  0%| F|  |TAMS 0x0000000086900000, 0x0000000086900000| Untracked 
| 106|0x0000000086a00000, 0x0000000086a00000, 0x0000000086b00000|  0%| F|  |TAMS 0x0000000086a00000, 0x0000000086a00000| Untracked 
| 107|0x0000000086b00000, 0x0000000086b00000, 0x0000000086c00000|  0%| F|  |TAMS 0x0000000086b00000, 0x0000000086b00000| Untracked 
| 108|0x0000000086c00000, 0x0000000086c00000, 0x0000000086d00000|  0%| F|  |TAMS 0x0000000086c00000, 0x0000000086c00000| Untracked 
| 109|0x0000000086d00000, 0x0000000086d00000, 0x0000000086e00000|  0%| F|  |TAMS 0x0000000086d00000, 0x0000000086d00000| Untracked 
| 110|0x0000000086e00000, 0x0000000086e00000, 0x0000000086f00000|  0%| F|  |TAMS 0x0000000086e00000, 0x0000000086e00000| Untracked 
| 111|0x0000000086f00000, 0x0000000086f00000, 0x0000000087000000|  0%| F|  |TAMS 0x0000000086f00000, 0x0000000086f00000| Untracked 
| 112|0x0000000087000000, 0x0000000087000000, 0x0000000087100000|  0%| F|  |TAMS 0x0000000087000000, 0x0000000087000000| Untracked 
| 113|0x0000000087100000, 0x0000000087100000, 0x0000000087200000|  0%| F|  |TAMS 0x0000000087100000, 0x0000000087100000| Untracked 
| 114|0x0000000087200000, 0x0000000087200000, 0x0000000087300000|  0%| F|  |TAMS 0x0000000087200000, 0x0000000087200000| Untracked 
| 115|0x0000000087300000, 0x0000000087300000, 0x0000000087400000|  0%| F|  |TAMS 0x0000000087300000, 0x0000000087300000| Untracked 
| 116|0x0000000087400000, 0x0000000087400000, 0x0000000087500000|  0%| F|  |TAMS 0x0000000087400000, 0x0000000087400000| Untracked 
| 117|0x0000000087500000, 0x0000000087500000, 0x0000000087600000|  0%| F|  |TAMS 0x0000000087500000, 0x0000000087500000| Untracked 
| 118|0x0000000087600000, 0x0000000087600000, 0x0000000087700000|  0%| F|  |TAMS 0x0000000087600000, 0x0000000087600000| Untracked 
| 119|0x0000000087700000, 0x0000000087700000, 0x0000000087800000|  0%| F|  |TAMS 0x0000000087700000, 0x0000000087700000| Untracked 
| 120|0x0000000087800000, 0x0000000087800000, 0x0000000087900000|  0%| F|  |TAMS 0x0000000087800000, 0x0000000087800000| Untracked 
| 121|0x0000000087900000, 0x0000000087948120, 0x0000000087a00000| 28%| E|CS|TAMS 0x0000000087900000, 0x0000000087900000| Complete 
| 122|0x0000000087a00000, 0x0000000087b00000, 0x0000000087b00000|100%| E|CS|TAMS 0x0000000087a00000, 0x0000000087a00000| Complete 
| 123|0x0000000087b00000, 0x0000000087c00000, 0x0000000087c00000|100%| S|  |TAMS 0x0000000087b00000, 0x0000000087b00000| Complete 
| 124|0x0000000087c00000, 0x0000000087d00000, 0x0000000087d00000|100%| S|  |TAMS 0x0000000087c00000, 0x0000000087c00000| Complete 
| 125|0x0000000087d00000, 0x0000000087e00000, 0x0000000087e00000|100%| S|  |TAMS 0x0000000087d00000, 0x0000000087d00000| Complete 
| 126|0x0000000087e00000, 0x0000000087f00000, 0x0000000087f00000|100%| S|  |TAMS 0x0000000087e00000, 0x0000000087e00000| Complete 
| 127|0x0000000087f00000, 0x0000000088000000, 0x0000000088000000|100%| S|  |TAMS 0x0000000087f00000, 0x0000000087f00000| Complete 
| 128|0x0000000088000000, 0x0000000088100000, 0x0000000088100000|100%| S|  |TAMS 0x0000000088000000, 0x0000000088000000| Complete 
| 129|0x0000000088100000, 0x0000000088200000, 0x0000000088200000|100%| E|CS|TAMS 0x0000000088100000, 0x0000000088100000| Complete 
| 130|0x0000000088200000, 0x0000000088300000, 0x0000000088300000|100%| E|CS|TAMS 0x0000000088200000, 0x0000000088200000| Complete 
| 131|0x0000000088300000, 0x0000000088400000, 0x0000000088400000|100%| E|CS|TAMS 0x0000000088300000, 0x0000000088300000| Complete 
| 132|0x0000000088400000, 0x0000000088500000, 0x0000000088500000|100%| S|  |TAMS 0x0000000088400000, 0x0000000088400000| Complete 
| 133|0x0000000088500000, 0x0000000088600000, 0x0000000088600000|100%| S|  |TAMS 0x0000000088500000, 0x0000000088500000| Complete 
| 134|0x0000000088600000, 0x0000000088700000, 0x0000000088700000|100%| E|CS|TAMS 0x0000000088600000, 0x0000000088600000| Complete 
| 135|0x0000000088700000, 0x0000000088800000, 0x0000000088800000|100%| E|CS|TAMS 0x0000000088700000, 0x0000000088700000| Complete 
| 136|0x0000000088800000, 0x0000000088900000, 0x0000000088900000|100%| E|CS|TAMS 0x0000000088800000, 0x0000000088800000| Complete 
| 137|0x0000000088900000, 0x0000000088a00000, 0x0000000088a00000|100%| E|CS|TAMS 0x0000000088900000, 0x0000000088900000| Complete 
| 138|0x0000000088a00000, 0x0000000088b00000, 0x0000000088b00000|100%| E|CS|TAMS 0x0000000088a00000, 0x0000000088a00000| Complete 
| 139|0x0000000088b00000, 0x0000000088c00000, 0x0000000088c00000|100%| E|CS|TAMS 0x0000000088b00000, 0x0000000088b00000| Complete 
| 140|0x0000000088c00000, 0x0000000088d00000, 0x0000000088d00000|100%| E|CS|TAMS 0x0000000088c00000, 0x0000000088c00000| Complete 
| 141|0x0000000088d00000, 0x0000000088e00000, 0x0000000088e00000|100%| E|CS|TAMS 0x0000000088d00000, 0x0000000088d00000| Complete 
| 142|0x0000000088e00000, 0x0000000088f00000, 0x0000000088f00000|100%| E|CS|TAMS 0x0000000088e00000, 0x0000000088e00000| Complete 
| 143|0x0000000088f00000, 0x0000000089000000, 0x0000000089000000|100%| E|CS|TAMS 0x0000000088f00000, 0x0000000088f00000| Complete 
| 144|0x0000000089000000, 0x0000000089100000, 0x0000000089100000|100%| E|CS|TAMS 0x0000000089000000, 0x0000000089000000| Complete 
| 145|0x0000000089100000, 0x0000000089200000, 0x0000000089200000|100%| E|CS|TAMS 0x0000000089100000, 0x0000000089100000| Complete 
| 146|0x0000000089200000, 0x0000000089300000, 0x0000000089300000|100%| E|CS|TAMS 0x0000000089200000, 0x0000000089200000| Complete 
| 147|0x0000000089300000, 0x0000000089400000, 0x0000000089400000|100%| E|CS|TAMS 0x0000000089300000, 0x0000000089300000| Complete 
| 148|0x0000000089400000, 0x0000000089500000, 0x0000000089500000|100%| E|CS|TAMS 0x0000000089400000, 0x0000000089400000| Complete 
| 149|0x0000000089500000, 0x0000000089600000, 0x0000000089600000|100%| E|CS|TAMS 0x0000000089500000, 0x0000000089500000| Complete 
| 150|0x0000000089600000, 0x0000000089700000, 0x0000000089700000|100%| E|CS|TAMS 0x0000000089600000, 0x0000000089600000| Complete 
| 151|0x0000000089700000, 0x0000000089800000, 0x0000000089800000|100%| E|CS|TAMS 0x0000000089700000, 0x0000000089700000| Complete 
| 152|0x0000000089800000, 0x0000000089900000, 0x0000000089900000|100%| E|CS|TAMS 0x0000000089800000, 0x0000000089800000| Complete 
| 153|0x0000000089900000, 0x0000000089a00000, 0x0000000089a00000|100%| E|CS|TAMS 0x0000000089900000, 0x0000000089900000| Complete 
| 154|0x0000000089a00000, 0x0000000089b00000, 0x0000000089b00000|100%| E|CS|TAMS 0x0000000089a00000, 0x0000000089a00000| Complete 
| 155|0x0000000089b00000, 0x0000000089c00000, 0x0000000089c00000|100%| E|CS|TAMS 0x0000000089b00000, 0x0000000089b00000| Complete 
| 156|0x0000000089c00000, 0x0000000089d00000, 0x0000000089d00000|100%| E|CS|TAMS 0x0000000089c00000, 0x0000000089c00000| Complete 
| 157|0x0000000089d00000, 0x0000000089e00000, 0x0000000089e00000|100%| E|CS|TAMS 0x0000000089d00000, 0x0000000089d00000| Complete 
| 158|0x0000000089e00000, 0x0000000089f00000, 0x0000000089f00000|100%| E|CS|TAMS 0x0000000089e00000, 0x0000000089e00000| Complete 
| 159|0x0000000089f00000, 0x000000008a000000, 0x000000008a000000|100%| E|CS|TAMS 0x0000000089f00000, 0x0000000089f00000| Complete 
| 160|0x000000008a000000, 0x000000008a100000, 0x000000008a100000|100%| E|CS|TAMS 0x000000008a000000, 0x000000008a000000| Complete 
| 161|0x000000008a100000, 0x000000008a200000, 0x000000008a200000|100%| E|CS|TAMS 0x000000008a100000, 0x000000008a100000| Complete 
| 162|0x000000008a200000, 0x000000008a300000, 0x000000008a300000|100%| E|CS|TAMS 0x000000008a200000, 0x000000008a200000| Complete 
| 163|0x000000008a300000, 0x000000008a400000, 0x000000008a400000|100%| E|CS|TAMS 0x000000008a300000, 0x000000008a300000| Complete 
| 164|0x000000008a400000, 0x000000008a500000, 0x000000008a500000|100%| E|CS|TAMS 0x000000008a400000, 0x000000008a400000| Complete 
| 165|0x000000008a500000, 0x000000008a600000, 0x000000008a600000|100%| E|CS|TAMS 0x000000008a500000, 0x000000008a500000| Complete 
| 166|0x000000008a600000, 0x000000008a700000, 0x000000008a700000|100%| E|CS|TAMS 0x000000008a600000, 0x000000008a600000| Complete 
| 167|0x000000008a700000, 0x000000008a800000, 0x000000008a800000|100%| E|CS|TAMS 0x000000008a700000, 0x000000008a700000| Complete 
| 168|0x000000008a800000, 0x000000008a900000, 0x000000008a900000|100%| E|CS|TAMS 0x000000008a800000, 0x000000008a800000| Complete 
| 169|0x000000008a900000, 0x000000008aa00000, 0x000000008aa00000|100%| E|CS|TAMS 0x000000008a900000, 0x000000008a900000| Complete 
| 170|0x000000008aa00000, 0x000000008ab00000, 0x000000008ab00000|100%| E|CS|TAMS 0x000000008aa00000, 0x000000008aa00000| Complete 
| 171|0x000000008ab00000, 0x000000008ac00000, 0x000000008ac00000|100%| E|CS|TAMS 0x000000008ab00000, 0x000000008ab00000| Complete 
| 172|0x000000008ac00000, 0x000000008ad00000, 0x000000008ad00000|100%| E|CS|TAMS 0x000000008ac00000, 0x000000008ac00000| Complete 
| 173|0x000000008ad00000, 0x000000008ae00000, 0x000000008ae00000|100%| E|CS|TAMS 0x000000008ad00000, 0x000000008ad00000| Complete 
| 174|0x000000008ae00000, 0x000000008af00000, 0x000000008af00000|100%| E|CS|TAMS 0x000000008ae00000, 0x000000008ae00000| Complete 
| 175|0x000000008af00000, 0x000000008b000000, 0x000000008b000000|100%| E|CS|TAMS 0x000000008af00000, 0x000000008af00000| Complete 
| 176|0x000000008b000000, 0x000000008b100000, 0x000000008b100000|100%| E|CS|TAMS 0x000000008b000000, 0x000000008b000000| Complete 
| 177|0x000000008b100000, 0x000000008b200000, 0x000000008b200000|100%| E|CS|TAMS 0x000000008b100000, 0x000000008b100000| Complete 
| 178|0x000000008b200000, 0x000000008b300000, 0x000000008b300000|100%| E|CS|TAMS 0x000000008b200000, 0x000000008b200000| Complete 
| 205|0x000000008cd00000, 0x000000008ce00000, 0x000000008ce00000|100%| E|CS|TAMS 0x000000008cd00000, 0x000000008cd00000| Complete 
| 206|0x000000008ce00000, 0x000000008cf00000, 0x000000008cf00000|100%| E|CS|TAMS 0x000000008ce00000, 0x000000008ce00000| Complete 
| 207|0x000000008cf00000, 0x000000008d000000, 0x000000008d000000|100%| E|CS|TAMS 0x000000008cf00000, 0x000000008cf00000| Complete 
| 208|0x000000008d000000, 0x000000008d100000, 0x000000008d100000|100%| E|CS|TAMS 0x000000008d000000, 0x000000008d000000| Complete 
| 209|0x000000008d100000, 0x000000008d200000, 0x000000008d200000|100%| E|CS|TAMS 0x000000008d100000, 0x000000008d100000| Complete 
| 210|0x000000008d200000, 0x000000008d300000, 0x000000008d300000|100%| E|CS|TAMS 0x000000008d200000, 0x000000008d200000| Complete 
| 211|0x000000008d300000, 0x000000008d400000, 0x000000008d400000|100%| E|CS|TAMS 0x000000008d300000, 0x000000008d300000| Complete 
| 212|0x000000008d400000, 0x000000008d500000, 0x000000008d500000|100%| E|CS|TAMS 0x000000008d400000, 0x000000008d400000| Complete 
| 253|0x000000008fd00000, 0x000000008fe00000, 0x000000008fe00000|100%| E|CS|TAMS 0x000000008fd00000, 0x000000008fd00000| Complete 

Card table byte_map: [0x00000156286e0000,0x0000015628ae0000] _byte_map_base: 0x00000156282e0000

Marking Bits (Prev, Next): (CMBitMap*) 0x0000015613bf9530, (CMBitMap*) 0x0000015613bf9570
 Prev Bits: [0x0000015628ee0000, 0x000001562aee0000)
 Next Bits: [0x000001562aee0000, 0x000001562cee0000)

Polling page: 0x0000015613c70000

Metaspace:

Usage:
  Non-class:     87.35 MB used.
      Class:     13.70 MB used.
       Both:    101.05 MB used.

Virtual space:
  Non-class space:       88.00 MB reserved,      87.75 MB (>99%) committed,  11 nodes.
      Class space:        1.00 GB reserved,      14.06 MB (  1%) committed,  1 nodes.
             Both:        1.09 GB reserved,     101.81 MB (  9%) committed. 

Chunk freelists:
   Non-Class:  240.00 KB
       Class:  1.98 MB
        Both:  2.21 MB

MaxMetaspaceSize: unlimited
CompressedClassSpaceSize: 1.00 GB
Initial GC threshold: 21.00 MB
Current GC threshold: 166.56 MB
CDS: off
MetaspaceReclaimPolicy: balanced
 - commit_granule_bytes: 65536.
 - commit_granule_words: 8192.
 - virtual_space_node_default_size: 1048576.
 - enlarge_chunks_in_place: 1.
 - new_chunks_are_fully_committed: 0.
 - uncommit_free_chunks: 1.
 - use_allocation_guard: 0.
 - handle_deallocations: 1.


Internal statistics:

num_allocs_failed_limit: 6.
num_arena_births: 1088.
num_arena_deaths: 0.
num_vsnodes_births: 12.
num_vsnodes_deaths: 0.
num_space_committed: 1628.
num_space_uncommitted: 0.
num_chunks_returned_to_freelist: 6.
num_chunks_taken_from_freelist: 4871.
num_chunk_merges: 6.
num_chunk_splits: 3179.
num_chunks_enlarged: 2099.
num_purges: 0.
num_inconsistent_stats: 0.

CodeHeap 'non-profiled nmethods': size=120000Kb used=7136Kb max_used=7136Kb free=112864Kb
 bounds [0x0000015620310000, 0x0000015620a10000, 0x0000015627840000]
CodeHeap 'profiled nmethods': size=120000Kb used=21283Kb max_used=21283Kb free=98716Kb
 bounds [0x0000015618840000, 0x0000015619d10000, 0x000001561fd70000]
CodeHeap 'non-nmethods': size=5760Kb used=2435Kb max_used=2487Kb free=3324Kb
 bounds [0x000001561fd70000, 0x000001561fff0000, 0x0000015620310000]
 total_blobs=11926 nmethods=10953 adapters=885
 compilation: enabled
              stopped_count=0, restarted_count=0
 full_count=0

Compilation events (20 events):
Event: 29.036 Thread 0x0000015630478c50 nmethod 12542 0x0000015620a06310 code [0x0000015620a06480, 0x0000015620a066f8]
Event: 29.036 Thread 0x0000015630478c50 12543       4       org.gradle.internal.snapshot.MediumChildMap::withNode (67 bytes)
Event: 29.043 Thread 0x000001563047d1f0 12557       3       java.util.HashSet::writeObject (75 bytes)
Event: 29.044 Thread 0x000001563047d1f0 nmethod 12557 0x0000015619d05090 code [0x0000015619d05300, 0x0000015619d05e08]
Event: 29.048 Thread 0x000001563047d1f0 12558       3       org.gradle.api.internal.provider.Providers$NoValueProvider::calculateValue (5 bytes)
Event: 29.049 Thread 0x000001563047d1f0 nmethod 12558 0x0000015619d06210 code [0x0000015619d063a0, 0x0000015619d064b8]
Event: 29.050 Thread 0x000001563047d1f0 12559       3       org.gradle.execution.plan.MissingTaskDependencyDetector::collectValidationProblemsForConsumer (44 bytes)
Event: 29.051 Thread 0x000001563047d1f0 nmethod 12559 0x0000015619d06590 code [0x0000015619d06860, 0x0000015619d07958]
Event: 29.051 Thread 0x000001563047d1f0 12560       3       org.gradle.execution.plan.MissingTaskDependencyDetector$$Lambda$1249/0x0000000100db6e08::<init> (15 bytes)
Event: 29.051 Thread 0x000001563047d1f0 nmethod 12560 0x0000015619d07f10 code [0x0000015619d080c0, 0x0000015619d082d8]
Event: 29.051 Thread 0x000001563047d1f0 12561       3       org.gradle.execution.plan.MissingTaskDependencyDetector$$Lambda$1251/0x0000000100db72f0::<init> (26 bytes)
Event: 29.052 Thread 0x000001563047d1f0 nmethod 12561 0x0000015619d08390 code [0x0000015619d08540, 0x0000015619d08818]
Event: 29.055 Thread 0x0000015630478c50 nmethod 12543 0x0000015620a06790 code [0x0000015620a069a0, 0x0000015620a07098]
Event: 29.055 Thread 0x0000015630478c50 12556       4       java.io.ObjectOutputStream$HandleTable::lookup (56 bytes)
Event: 29.058 Thread 0x0000015630478c50 nmethod 12556 0x0000015620a07790 code [0x0000015620a07920, 0x0000015620a07b28]
Event: 29.058 Thread 0x0000015630478c50 12563   !   4       org.gradle.api.internal.attributes.DefaultImmutableAttributesFactory::doConcatIsolatable (128 bytes)
Event: 29.061 Thread 0x000001563047d1f0 12565       3       org.gradle.api.internal.artifacts.transform.ConsumerProvidedVariantFinder$ChainState::<init> (20 bytes)
Event: 29.061 Thread 0x000001563047d1f0 nmethod 12565 0x0000015619d08910 code [0x0000015619d08ac0, 0x0000015619d08d38]
Event: 29.061 Thread 0x000001563047d1f0 12566       1       org.gradle.internal.resources.AbstractResourceLockRegistry$ThreadLockDetails::access$200 (5 bytes)
Event: 29.062 Thread 0x000001563047d1f0 nmethod 12566 0x0000015620a07d10 code [0x0000015620a07ea0, 0x0000015620a07f58]

GC Heap History (20 events):
Event: 17.072 GC heap after
{Heap after GC invocations=33 (full 0):
 garbage-first heap   total 99328K, used 58293K [0x0000000080000000, 0x0000000100000000)
  region size 1024K, 3 young (3072K), 3 survivors (3072K)
 Metaspace       used 69348K, committed 69824K, reserved 1114112K
  class space    used 9193K, committed 9408K, reserved 1048576K
}
Event: 17.236 GC heap before
{Heap before GC invocations=34 (full 0):
 garbage-first heap   total 102400K, used 62389K [0x0000000080000000, 0x0000000100000000)
  region size 1024K, 8 young (8192K), 3 survivors (3072K)
 Metaspace       used 69750K, committed 70336K, reserved 1114112K
  class space    used 9245K, committed 9536K, reserved 1048576K
}
Event: 17.240 GC heap after
{Heap after GC invocations=35 (full 0):
 garbage-first heap   total 102400K, used 59489K [0x0000000080000000, 0x0000000100000000)
  region size 1024K, 3 young (3072K), 3 survivors (3072K)
 Metaspace       used 69750K, committed 70336K, reserved 1114112K
  class space    used 9245K, committed 9536K, reserved 1048576K
}
Event: 17.336 GC heap before
{Heap before GC invocations=36 (full 0):
 garbage-first heap   total 116736K, used 71777K [0x0000000080000000, 0x0000000100000000)
  region size 1024K, 12 young (12288K), 3 survivors (3072K)
 Metaspace       used 69756K, committed 70336K, reserved 1114112K
  class space    used 9246K, committed 9536K, reserved 1048576K
}
Event: 17.341 GC heap after
{Heap after GC invocations=37 (full 0):
 garbage-first heap   total 192512K, used 65194K [0x0000000080000000, 0x0000000100000000)
  region size 1024K, 3 young (3072K), 3 survivors (3072K)
 Metaspace       used 69756K, committed 70336K, reserved 1114112K
  class space    used 9246K, committed 9536K, reserved 1048576K
}
Event: 18.960 GC heap before
{Heap before GC invocations=37 (full 0):
 garbage-first heap   total 192512K, used 124586K [0x0000000080000000, 0x0000000100000000)
  region size 1024K, 59 young (60416K), 3 survivors (3072K)
 Metaspace       used 75074K, committed 75712K, reserved 1122304K
  class space    used 9945K, committed 10240K, reserved 1048576K
}
Event: 18.965 GC heap after
{Heap after GC invocations=38 (full 0):
 garbage-first heap   total 192512K, used 64953K [0x0000000080000000, 0x0000000100000000)
  region size 1024K, 6 young (6144K), 6 survivors (6144K)
 Metaspace       used 75074K, committed 75712K, reserved 1122304K
  class space    used 9945K, committed 10240K, reserved 1048576K
}
Event: 20.454 GC heap before
{Heap before GC invocations=38 (full 0):
 garbage-first heap   total 192512K, used 131513K [0x0000000080000000, 0x0000000100000000)
  region size 1024K, 71 young (72704K), 6 survivors (6144K)
 Metaspace       used 81495K, committed 82112K, reserved 1122304K
  class space    used 10782K, committed 11072K, reserved 1048576K
}
Event: 20.463 GC heap after
{Heap after GC invocations=39 (full 0):
 garbage-first heap   total 192512K, used 69400K [0x0000000080000000, 0x0000000100000000)
  region size 1024K, 9 young (9216K), 9 survivors (9216K)
 Metaspace       used 81495K, committed 82112K, reserved 1122304K
  class space    used 10782K, committed 11072K, reserved 1048576K
}
Event: 22.403 GC heap before
{Heap before GC invocations=39 (full 0):
 garbage-first heap   total 192512K, used 143128K [0x0000000080000000, 0x0000000100000000)
  region size 1024K, 80 young (81920K), 9 survivors (9216K)
 Metaspace       used 89777K, committed 90368K, reserved 1130496K
  class space    used 12158K, committed 12416K, reserved 1048576K
}
Event: 22.413 GC heap after
{Heap after GC invocations=40 (full 0):
 garbage-first heap   total 192512K, used 73720K [0x0000000080000000, 0x0000000100000000)
  region size 1024K, 9 young (9216K), 9 survivors (9216K)
 Metaspace       used 89777K, committed 90368K, reserved 1130496K
  class space    used 12158K, committed 12416K, reserved 1048576K
}
Event: 24.093 GC heap before
{Heap before GC invocations=40 (full 0):
 garbage-first heap   total 192512K, used 145400K [0x0000000080000000, 0x0000000100000000)
  region size 1024K, 79 young (80896K), 9 survivors (9216K)
 Metaspace       used 97437K, committed 98112K, reserved 1138688K
  class space    used 13231K, committed 13568K, reserved 1048576K
}
Event: 24.106 GC heap after
{Heap after GC invocations=41 (full 0):
 garbage-first heap   total 192512K, used 79693K [0x0000000080000000, 0x0000000100000000)
  region size 1024K, 10 young (10240K), 10 survivors (10240K)
 Metaspace       used 97437K, committed 98112K, reserved 1138688K
  class space    used 13231K, committed 13568K, reserved 1048576K
}
Event: 25.414 GC heap before
{Heap before GC invocations=41 (full 0):
 garbage-first heap   total 192512K, used 149325K [0x0000000080000000, 0x0000000100000000)
  region size 1024K, 78 young (79872K), 10 survivors (10240K)
 Metaspace       used 99777K, committed 100416K, reserved 1138688K
  class space    used 13610K, committed 13888K, reserved 1048576K
}
Event: 25.431 GC heap after
{Heap after GC invocations=42 (full 0):
 garbage-first heap   total 192512K, used 89803K [0x0000000080000000, 0x0000000100000000)
  region size 1024K, 10 young (10240K), 10 survivors (10240K)
 Metaspace       used 99777K, committed 100416K, reserved 1138688K
  class space    used 13610K, committed 13888K, reserved 1048576K
}
Event: 26.846 GC heap before
{Heap before GC invocations=42 (full 0):
 garbage-first heap   total 192512K, used 149195K [0x0000000080000000, 0x0000000100000000)
  region size 1024K, 69 young (70656K), 10 survivors (10240K)
 Metaspace       used 100830K, committed 101504K, reserved 1138688K
  class space    used 13759K, committed 14080K, reserved 1048576K
}
Event: 26.857 GC heap after
{Heap after GC invocations=43 (full 0):
 garbage-first heap   total 192512K, used 94835K [0x0000000080000000, 0x0000000100000000)
  region size 1024K, 6 young (6144K), 6 survivors (6144K)
 Metaspace       used 100830K, committed 101504K, reserved 1138688K
  class space    used 13759K, committed 14080K, reserved 1048576K
}
Event: 28.060 GC heap before
{Heap before GC invocations=43 (full 0):
 garbage-first heap   total 192512K, used 151155K [0x0000000080000000, 0x0000000100000000)
  region size 1024K, 62 young (63488K), 6 survivors (6144K)
 Metaspace       used 101531K, committed 102208K, reserved 1138688K
  class space    used 13815K, committed 14144K, reserved 1048576K
}
Event: 28.068 GC heap after
{Heap after GC invocations=44 (full 0):
 garbage-first heap   total 192512K, used 98800K [0x0000000080000000, 0x0000000100000000)
  region size 1024K, 5 young (5120K), 5 survivors (5120K)
 Metaspace       used 101531K, committed 102208K, reserved 1138688K
  class space    used 13815K, committed 14144K, reserved 1048576K
}
Event: 29.068 GC heap before
{Heap before GC invocations=45 (full 0):
 garbage-first heap   total 192512K, used 154096K [0x0000000080000000, 0x0000000100000000)
  region size 1024K, 59 young (60416K), 5 survivors (5120K)
 Metaspace       used 103472K, committed 104256K, reserved 1138688K
  class space    used 14024K, committed 14400K, reserved 1048576K
}

Dll operation events (2 events):
Event: 0.015 Loaded shared library E:\Program Files\Android_Studio\jbr\bin\java.dll
Event: 0.792 Loaded shared library E:\Program Files\Android_Studio\jbr\bin\verify.dll

Deoptimization events (20 events):
Event: 28.814 Thread 0x00000156386a5070 Uncommon trap: trap_request=0xffffffde fr.pc=0x00000156209ce01c relative=0x000000000000205c
Event: 28.814 Thread 0x00000156386a5070 Uncommon trap: reason=class_check action=maybe_recompile pc=0x00000156209ce01c method=org.gradle.internal.snapshot.impl.AbstractValueProcessor.processValue(Ljava/lang/Object;Lorg/gradle/internal/snapshot/impl/AbstractValueProcessor$ValueVisitor;)Ljava/lan
Event: 28.814 Thread 0x00000156386a5070 DEOPT PACKING pc=0x00000156209ce01c sp=0x0000002ca53fa7b0
Event: 28.814 Thread 0x00000156386a5070 DEOPT UNPACKING pc=0x000001561fdc69a3 sp=0x0000002ca53fa798 mode 2
Event: 28.835 Thread 0x00000156356a7d60 DEOPT PACKING pc=0x0000015619c0e8d6 sp=0x0000002c9fdfd550
Event: 28.835 Thread 0x00000156356a7d60 DEOPT UNPACKING pc=0x000001561fdc7143 sp=0x0000002c9fdfca10 mode 0
Event: 28.954 Thread 0x00000156356abbf0 DEOPT PACKING pc=0x0000015619be79f8 sp=0x0000002ca06fba20
Event: 28.954 Thread 0x00000156356abbf0 DEOPT UNPACKING pc=0x000001561fdc7143 sp=0x0000002ca06faf38 mode 0
Event: 29.049 Thread 0x00000156386a5070 Uncommon trap: trap_request=0xffffffc6 fr.pc=0x00000156209c167c relative=0x00000000000009fc
Event: 29.049 Thread 0x00000156386a5070 Uncommon trap: reason=bimorphic_or_optimized_type_check action=maybe_recompile pc=0x00000156209c167c method=org.gradle.internal.snapshot.SnapshotUtil$1.handleAsDescendantOfChild(Lorg/gradle/internal/snapshot/VfsRelativePath;Lorg/gradle/internal/snapshot/F
Event: 29.049 Thread 0x00000156386a5070 DEOPT PACKING pc=0x00000156209c167c sp=0x0000002ca53fbf80
Event: 29.049 Thread 0x00000156386a5070 DEOPT UNPACKING pc=0x000001561fdc69a3 sp=0x0000002ca53fbe50 mode 2
Event: 29.049 Thread 0x00000156386a5070 Uncommon trap: trap_request=0xffffffc6 fr.pc=0x00000156209c167c relative=0x00000000000009fc
Event: 29.049 Thread 0x00000156386a5070 Uncommon trap: reason=bimorphic_or_optimized_type_check action=maybe_recompile pc=0x00000156209c167c method=org.gradle.internal.snapshot.SnapshotUtil$1.handleAsDescendantOfChild(Lorg/gradle/internal/snapshot/VfsRelativePath;Lorg/gradle/internal/snapshot/F
Event: 29.049 Thread 0x00000156386a5070 DEOPT PACKING pc=0x00000156209c167c sp=0x0000002ca53fbc90
Event: 29.049 Thread 0x00000156386a5070 DEOPT UNPACKING pc=0x000001561fdc69a3 sp=0x0000002ca53fbb60 mode 2
Event: 29.050 Thread 0x00000156386a5070 Uncommon trap: trap_request=0xffffffc6 fr.pc=0x000001562074bd84 relative=0x00000000000000e4
Event: 29.050 Thread 0x00000156386a5070 Uncommon trap: reason=bimorphic_or_optimized_type_check action=maybe_recompile pc=0x000001562074bd84 method=com.google.common.collect.RegularImmutableMap.checkNoConflictInKeyBucket(Ljava/lang/Object;Ljava/lang/Object;Lcom/google/common/collect/ImmutableMa
Event: 29.050 Thread 0x00000156386a5070 DEOPT PACKING pc=0x000001562074bd84 sp=0x0000002ca53fce10
Event: 29.050 Thread 0x00000156386a5070 DEOPT UNPACKING pc=0x000001561fdc69a3 sp=0x0000002ca53fcda8 mode 2

Classes unloaded (0 events):
No events

Classes redefined (0 events):
No events

Internal exceptions (20 events):
Event: 28.262 Thread 0x00000156386a63b0 Exception <a 'sun/nio/fs/WindowsException'{0x000000008d201480}> (0x000000008d201480) 
thrown [s\src\hotspot\share\prims\jni.cpp, line 517]
Event: 28.262 Thread 0x00000156386a63b0 Exception <a 'sun/nio/fs/WindowsException'{0x000000008d201b30}> (0x000000008d201b30) 
thrown [s\src\hotspot\share\prims\jni.cpp, line 517]
Event: 28.262 Thread 0x00000156386a63b0 Exception <a 'sun/nio/fs/WindowsException'{0x000000008d203ac0}> (0x000000008d203ac0) 
thrown [s\src\hotspot\share\prims\jni.cpp, line 517]
Event: 28.262 Thread 0x00000156386a63b0 Exception <a 'sun/nio/fs/WindowsException'{0x000000008d204a20}> (0x000000008d204a20) 
thrown [s\src\hotspot\share\prims\jni.cpp, line 517]
Event: 28.262 Thread 0x00000156386a63b0 Exception <a 'sun/nio/fs/WindowsException'{0x000000008d204a90}> (0x000000008d204a90) 
thrown [s\src\hotspot\share\prims\jni.cpp, line 517]
Event: 28.262 Thread 0x00000156386a63b0 Exception <a 'sun/nio/fs/WindowsException'{0x000000008d2050b0}> (0x000000008d2050b0) 
thrown [s\src\hotspot\share\prims\jni.cpp, line 517]
Event: 28.262 Thread 0x00000156386a63b0 Exception <a 'sun/nio/fs/WindowsException'{0x000000008d207048}> (0x000000008d207048) 
thrown [s\src\hotspot\share\prims\jni.cpp, line 517]
Event: 28.290 Thread 0x00000156386a63b0 Exception <a 'java/lang/NoSuchMethodError'{0x000000008d176460}: static Lcom/android/builder/internal/aapt/AaptOptions;.<clinit>()V> (0x000000008d176460) 
thrown [s\src\hotspot\share\prims\jni.cpp, line 1108]
Event: 28.296 Thread 0x00000156386a63b0 Exception <a 'java/lang/NoSuchMethodError'{0x000000008d1aa6c8}: static [Ljava/lang/Object;.<clinit>()V> (0x000000008d1aa6c8) 
thrown [s\src\hotspot\share\prims\jni.cpp, line 1108]
Event: 28.297 Thread 0x00000156386a63b0 Exception <a 'java/lang/NoSuchMethodError'{0x000000008d1bb460}: static Ljava/lang/Object;.<clinit>()V> (0x000000008d1bb460) 
thrown [s\src\hotspot\share\prims\jni.cpp, line 1108]
Event: 28.301 Thread 0x00000156386a63b0 Exception <a 'java/lang/NoSuchMethodError'{0x000000008d1d66e8}: static Lcom/android/build/api/variant/impl/SerializableApplicationMultiOutputHandler;.<clinit>()V> (0x000000008d1d66e8) 
thrown [s\src\hotspot\share\prims\jni.cpp, line 1108]
Event: 28.302 Thread 0x00000156386a63b0 Exception <a 'java/lang/NoSuchMethodError'{0x000000008d1ec4b8}: static Lcom/android/build/api/variant/impl/VariantOutputImpl$SerializedForm;.<clinit>()V> (0x000000008d1ec4b8) 
thrown [s\src\hotspot\share\prims\jni.cpp, line 1108]
Event: 28.303 Thread 0x00000156386a63b0 Exception <a 'java/lang/NoSuchMethodError'{0x000000008d000868}: static Lcom/android/build/api/variant/impl/VariantOutputConfigurationImpl;.<clinit>()V> (0x000000008d000868) 
thrown [s\src\hotspot\share\prims\jni.cpp, line 1108]
Event: 28.357 Thread 0x00000156386a5070 Exception <a 'sun/nio/fs/WindowsException'{0x000000008ce283c8}> (0x000000008ce283c8) 
thrown [s\src\hotspot\share\prims\jni.cpp, line 517]
Event: 28.367 Thread 0x00000156386a5070 Exception <a 'java/lang/NoSuchMethodError'{0x000000008ce95c20}: 'int java.lang.invoke.DirectMethodHandle$Holder.invokeSpecial(java.lang.Object, java.lang.Object, java.lang.Object, java.lang.Object, java.lang.Object)'> (0x000000008ce95c20) 
thrown [s\src\hotspot\share\interpreter\linkResolver.cpp, line 771]
Event: 28.847 Thread 0x00000156386a8f00 Exception <a 'java/lang/NoSuchMethodError'{0x0000000089401cc8}: 'void java.lang.invoke.DirectMethodHandle$Holder.invokeStatic(java.lang.Object, long)'> (0x0000000089401cc8) 
thrown [s\src\hotspot\share\interpreter\linkResolver.cpp, line 771]
Event: 28.848 Thread 0x00000156386a8f00 Exception <a 'java/lang/NoSuchMethodError'{0x0000000088fd8538}: 'java.lang.Object java.lang.invoke.DirectMethodHandle$Holder.newInvokeSpecial(java.lang.Object, long)'> (0x0000000088fd8538) 
thrown [s\src\hotspot\share\interpreter\linkResolver.cpp, line 771]
Event: 28.850 Thread 0x00000156386a8f00 Exception <a 'java/lang/NoSuchMethodError'{0x0000000088e3c7e0}: 'java.lang.Object java.lang.invoke.DirectMethodHandle$Holder.invokeStatic(java.lang.Object, java.lang.Object, long, java.lang.Object)'> (0x0000000088e3c7e0) 
thrown [s\src\hotspot\share\interpreter\linkResolver.cpp, line 771]
Event: 28.850 Thread 0x00000156386a8f00 Exception <a 'java/lang/NoSuchMethodError'{0x0000000088e551f8}: 'java.lang.Object java.lang.invoke.DirectMethodHandle$Holder.invokeStaticInit(java.lang.Object, java.lang.Object, long, java.lang.Object)'> (0x0000000088e551f8) 
thrown [s\src\hotspot\share\interpreter\linkResolver.cpp, line 771]
Event: 29.056 Thread 0x00000156386a5070 Exception <a 'sun/nio/fs/WindowsException'{0x00000000886120d8}> (0x00000000886120d8) 
thrown [s\src\hotspot\share\prims\jni.cpp, line 517]

VM Operations (20 events):
Event: 27.964 Executing VM operation: ICBufferFull done
Event: 28.059 Executing VM operation: G1CollectForAllocation
Event: 28.068 Executing VM operation: G1CollectForAllocation done
Event: 28.097 Executing VM operation: HandshakeAllThreads
Event: 28.098 Executing VM operation: HandshakeAllThreads done
Event: 28.200 Executing VM operation: G1Concurrent
Event: 28.206 Executing VM operation: G1Concurrent done
Event: 28.259 Executing VM operation: G1Concurrent
Event: 28.259 Executing VM operation: G1Concurrent done
Event: 28.340 Executing VM operation: HandshakeAllThreads
Event: 28.341 Executing VM operation: HandshakeAllThreads done
Event: 28.342 Executing VM operation: HandshakeAllThreads
Event: 28.343 Executing VM operation: HandshakeAllThreads done
Event: 28.362 Executing VM operation: HandshakeAllThreads
Event: 28.362 Executing VM operation: HandshakeAllThreads done
Event: 28.671 Executing VM operation: ICBufferFull
Event: 28.672 Executing VM operation: ICBufferFull done
Event: 28.852 Executing VM operation: HandshakeAllThreads
Event: 28.853 Executing VM operation: HandshakeAllThreads done
Event: 29.067 Executing VM operation: G1CollectForAllocation

Events (20 events):
Event: 28.254 loading class java/time/Clock$SystemClock
Event: 28.254 loading class java/time/Clock$SystemClock done
Event: 28.309 Thread 0x00000156386a8f00 Thread added: 0x00000156386a8f00
Event: 28.735 loading class java/util/concurrent/Executors$DelegatedScheduledExecutorService
Event: 28.735 loading class java/util/concurrent/Executors$DelegatedExecutorService
Event: 28.735 loading class java/util/concurrent/Executors$DelegatedExecutorService done
Event: 28.735 loading class java/util/concurrent/Executors$DelegatedScheduledExecutorService done
Event: 28.736 Thread 0x00000156386aa240 Thread added: 0x00000156386aa240
Event: 28.745 loading class java/lang/ProcessImpl
Event: 28.746 loading class java/lang/ProcessImpl done
Event: 28.848 loading class java/lang/ProcessHandleImpl
Event: 28.849 loading class java/lang/ProcessHandleImpl done
Event: 28.851 loading class java/lang/ProcessImpl$2
Event: 28.851 loading class java/lang/ProcessImpl$2 done
Event: 28.851 loading class java/lang/Process$PipeInputStream
Event: 28.851 loading class java/lang/Process$PipeInputStream done
Event: 28.854 loading class jdk/internal/event/ProcessStartEvent
Event: 28.855 loading class jdk/internal/event/ProcessStartEvent done
Event: 28.862 Thread 0x00000156386ab580 Thread added: 0x00000156386ab580
Event: 28.862 Thread 0x00000156386abf20 Thread added: 0x00000156386abf20


Dynamic libraries:
0x00007ff73d040000 - 0x00007ff73d04a000 	E:\Program Files\Android_Studio\jbr\bin\java.exe
0x00007ff9a6e90000 - 0x00007ff9a7088000 	C:\Windows\SYSTEM32\ntdll.dll
0x00007ff9a5a60000 - 0x00007ff9a5b1f000 	C:\Windows\System32\KERNEL32.DLL
0x00007ff9a4660000 - 0x00007ff9a4956000 	C:\Windows\System32\KERNELBASE.dll
0x00007ff9a4a10000 - 0x00007ff9a4b10000 	C:\Windows\System32\ucrtbase.dll
0x00007ff981820000 - 0x00007ff981837000 	E:\Program Files\Android_Studio\jbr\bin\jli.dll
0x00007ff9a5020000 - 0x00007ff9a51bd000 	C:\Windows\System32\USER32.dll
0x00007ff9a4d10000 - 0x00007ff9a4d32000 	C:\Windows\System32\win32u.dll
0x00007ff9a5e10000 - 0x00007ff9a5e3c000 	C:\Windows\System32\GDI32.dll
0x00007ff9a4dd0000 - 0x00007ff9a4ee5000 	C:\Windows\System32\gdi32full.dll
0x00007ff9a4570000 - 0x00007ff9a460d000 	C:\Windows\System32\msvcp_win.dll
0x00007ff98e300000 - 0x00007ff98e59a000 	C:\Windows\WinSxS\amd64_microsoft.windows.common-controls_6595b64144ccf1df_6.0.19041.1110_none_60b5254171f9507e\COMCTL32.dll
0x00007ff9a5f20000 - 0x00007ff9a5fbe000 	C:\Windows\System32\msvcrt.dll
0x00007ff985f80000 - 0x00007ff985f9b000 	E:\Program Files\Android_Studio\jbr\bin\VCRUNTIME140.dll
0x00007ff9a5ef0000 - 0x00007ff9a5f20000 	C:\Windows\System32\IMM32.DLL
0x00007ff99ef80000 - 0x00007ff99ef8c000 	E:\Program Files\Android_Studio\jbr\bin\vcruntime140_1.dll
0x00007ff9826c0000 - 0x00007ff98274d000 	E:\Program Files\Android_Studio\jbr\bin\msvcp140.dll
0x00007ff8bb2a0000 - 0x00007ff8bbf0e000 	E:\Program Files\Android_Studio\jbr\bin\server\jvm.dll
0x00007ff9a53e0000 - 0x00007ff9a548f000 	C:\Windows\System32\ADVAPI32.dll
0x00007ff9a60f0000 - 0x00007ff9a618c000 	C:\Windows\System32\sechost.dll
0x00007ff9a5fc0000 - 0x00007ff9a60e6000 	C:\Windows\System32\RPCRT4.dll
0x00007ff98a240000 - 0x00007ff98a249000 	C:\Windows\SYSTEM32\WSOCK32.dll
0x00007ff9912c0000 - 0x00007ff9912e7000 	C:\Windows\SYSTEM32\WINMM.dll
0x00007ff99c980000 - 0x00007ff99c98a000 	C:\Windows\SYSTEM32\VERSION.dll
0x00007ff9a68e0000 - 0x00007ff9a694b000 	C:\Windows\System32\WS2_32.dll
0x00007ff9a2350000 - 0x00007ff9a2362000 	C:\Windows\SYSTEM32\kernel.appcore.dll
0x00007ff9a1cc0000 - 0x00007ff9a1cca000 	E:\Program Files\Android_Studio\jbr\bin\jimage.dll
0x00007ff98edc0000 - 0x00007ff98efa4000 	C:\Windows\SYSTEM32\DBGHELP.DLL
0x00007ff986dd0000 - 0x00007ff986e04000 	C:\Windows\SYSTEM32\dbgcore.DLL
0x00007ff9a4d40000 - 0x00007ff9a4dc2000 	C:\Windows\System32\bcryptPrimitives.dll
0x00007ff98a540000 - 0x00007ff98a565000 	E:\Program Files\Android_Studio\jbr\bin\java.dll
0x00007ff981fb0000 - 0x00007ff981fc8000 	E:\Program Files\Android_Studio\jbr\bin\zip.dll
0x00007ff9a6190000 - 0x00007ff9a68d4000 	C:\Windows\System32\SHELL32.dll
0x00007ff9a2630000 - 0x00007ff9a2dc3000 	C:\Windows\SYSTEM32\windows.storage.dll
0x00007ff9a6950000 - 0x00007ff9a6ca4000 	C:\Windows\System32\combase.dll
0x00007ff9a3fb0000 - 0x00007ff9a3fde000 	C:\Windows\SYSTEM32\Wldp.dll
0x00007ff9a5e40000 - 0x00007ff9a5eed000 	C:\Windows\System32\SHCORE.dll
0x00007ff9a6d10000 - 0x00007ff9a6d65000 	C:\Windows\System32\shlwapi.dll
0x00007ff9a44a0000 - 0x00007ff9a44c5000 	C:\Windows\SYSTEM32\profapi.dll
0x00007ff981900000 - 0x00007ff981919000 	E:\Program Files\Android_Studio\jbr\bin\net.dll
0x00007ff99c380000 - 0x00007ff99c48a000 	C:\Windows\SYSTEM32\WINHTTP.dll
0x00007ff9a3d10000 - 0x00007ff9a3d7a000 	C:\Windows\system32\mswsock.dll
0x00007ff981840000 - 0x00007ff981856000 	E:\Program Files\Android_Studio\jbr\bin\nio.dll
0x00007ff9a0110000 - 0x00007ff9a0120000 	E:\Program Files\Android_Studio\jbr\bin\verify.dll
0x00007ff987d00000 - 0x00007ff987d27000 	C:\Users\Gabriel\.gradle\native\68d5fa5c4cc2d200863cafc0d521ce42e7d3e7ee720ec0a83991735586a16f82\windows-amd64\native-platform.dll
0x00007ff980f90000 - 0x00007ff9810d4000 	C:\Users\Gabriel\.gradle\native\e376f236ea51e6404a007f0833ffe2c6e607c4080706a723a18a27aeea778392\windows-amd64\native-platform-file-events.dll
0x00007ff98a4b0000 - 0x00007ff98a4b9000 	E:\Program Files\Android_Studio\jbr\bin\management.dll
0x00007ff98a250000 - 0x00007ff98a25b000 	E:\Program Files\Android_Studio\jbr\bin\management_ext.dll
0x00007ff9a5220000 - 0x00007ff9a5228000 	C:\Windows\System32\PSAPI.DLL
0x00007ff9a3f00000 - 0x00007ff9a3f18000 	C:\Windows\SYSTEM32\CRYPTSP.dll
0x00007ff9a35b0000 - 0x00007ff9a35e4000 	C:\Windows\system32\rsaenh.dll
0x00007ff9a4b10000 - 0x00007ff9a4b37000 	C:\Windows\System32\bcrypt.dll
0x00007ff9a4460000 - 0x00007ff9a448e000 	C:\Windows\SYSTEM32\USERENV.dll
0x00007ff9a3f20000 - 0x00007ff9a3f2c000 	C:\Windows\SYSTEM32\CRYPTBASE.dll
0x00007ff9a39b0000 - 0x00007ff9a39eb000 	C:\Windows\SYSTEM32\IPHLPAPI.DLL
0x00007ff9a5d80000 - 0x00007ff9a5d88000 	C:\Windows\System32\NSI.dll
0x00007ff99dc10000 - 0x00007ff99dc27000 	C:\Windows\SYSTEM32\dhcpcsvc6.DLL
0x00007ff99d4c0000 - 0x00007ff99d4dd000 	C:\Windows\SYSTEM32\dhcpcsvc.DLL
0x00007ff9a3a00000 - 0x00007ff9a3aca000 	C:\Windows\SYSTEM32\DNSAPI.dll
0x00007ff91b150000 - 0x00007ff91b157000 	C:\Windows\system32\wshunix.dll
0x00007ff99c1f0000 - 0x00007ff99c1fa000 	C:\Windows\System32\rasadhlp.dll
0x00007ff999af0000 - 0x00007ff999b72000 	C:\Windows\System32\fwpuclnt.dll
0x00007ff9742f0000 - 0x00007ff974307000 	C:\Windows\system32\napinsp.dll
0x00007ff9742d0000 - 0x00007ff9742eb000 	C:\Windows\system32\pnrpnsp.dll
0x00007ff9795c0000 - 0x00007ff9795d5000 	C:\Windows\system32\wshbth.dll
0x00007ff99ff50000 - 0x00007ff99ff6d000 	C:\Windows\system32\NLAapi.dll
0x00007ff9742b0000 - 0x00007ff9742c2000 	C:\Windows\System32\winrnr.dll

dbghelp: loaded successfully - version: 4.0.5 - missing functions: none
symbol engine: initialized successfully - sym options: 0x614 - pdb path: .;E:\Program Files\Android_Studio\jbr\bin;C:\Windows\SYSTEM32;C:\Windows\WinSxS\amd64_microsoft.windows.common-controls_6595b64144ccf1df_6.0.19041.1110_none_60b5254171f9507e;E:\Program Files\Android_Studio\jbr\bin\server;C:\Users\Gabriel\.gradle\native\68d5fa5c4cc2d200863cafc0d521ce42e7d3e7ee720ec0a83991735586a16f82\windows-amd64;C:\Users\Gabriel\.gradle\native\e376f236ea51e6404a007f0833ffe2c6e607c4080706a723a18a27aeea778392\windows-amd64

VM Arguments:
jvm_args: --add-opens=java.base/java.util=ALL-UNNAMED --add-opens=java.base/java.lang=ALL-UNNAMED --add-opens=java.base/java.lang.invoke=ALL-UNNAMED --add-opens=java.prefs/java.util.prefs=ALL-UNNAMED --add-opens=java.base/java.nio.charset=ALL-UNNAMED --add-opens=java.base/java.net=ALL-UNNAMED --add-opens=java.base/java.util.concurrent.atomic=ALL-UNNAMED -Xmx2048m -Dfile.encoding=UTF-8 -Duser.country=US -Duser.language=en -Duser.variant 
java_command: org.gradle.launcher.daemon.bootstrap.GradleDaemon 8.0
java_class_path (initial): C:\Users\Gabriel\.gradle\wrapper\dists\gradle-8.0-bin\ca5e32bp14vu59qr306oxotwh\gradle-8.0\lib\gradle-launcher-8.0.jar
Launcher Type: SUN_STANDARD

[Global flags]
     intx CICompilerCount                          = 4                                         {product} {ergonomic}
     uint ConcGCThreads                            = 2                                         {product} {ergonomic}
     uint G1ConcRefinementThreads                  = 8                                         {product} {ergonomic}
   size_t G1HeapRegionSize                         = 1048576                                   {product} {ergonomic}
    uintx GCDrainStackTargetSize                   = 64                                        {product} {ergonomic}
   size_t InitialHeapSize                          = 266338304                                 {product} {ergonomic}
   size_t MarkStackSize                            = 4194304                                   {product} {ergonomic}
   size_t MaxHeapSize                              = 2147483648                                {product} {command line}
   size_t MaxNewSize                               = 1287651328                                {product} {ergonomic}
   size_t MinHeapDeltaBytes                        = 1048576                                   {product} {ergonomic}
   size_t MinHeapSize                              = 8388608                                   {product} {ergonomic}
    uintx NonNMethodCodeHeapSize                   = 5839372                                {pd product} {ergonomic}
    uintx NonProfiledCodeHeapSize                  = 122909434                              {pd product} {ergonomic}
    uintx ProfiledCodeHeapSize                     = 122909434                              {pd product} {ergonomic}
    uintx ReservedCodeCacheSize                    = 251658240                              {pd product} {ergonomic}
     bool SegmentedCodeCache                       = true                                      {product} {ergonomic}
   size_t SoftMaxHeapSize                          = 2147483648                             {manageable} {ergonomic}
     bool UseCompressedClassPointers               = true                           {product lp64_product} {ergonomic}
     bool UseCompressedOops                        = true                           {product lp64_product} {ergonomic}
     bool UseG1GC                                  = true                                      {product} {ergonomic}
     bool UseLargePagesIndividualAllocation        = false                                  {pd product} {ergonomic}

Logging:
Log output configuration:
 #0: stdout all=warning uptime,level,tags
 #1: stderr all=off uptime,level,tags

Environment Variables:
PATH=C:\Program Files\Common Files\Oracle\Java\javapath;C:\Program Files\Eclipse Adoptium\jdk-17.0.6.10-hotspot\bin;C:\Program Files (x86)\VMware\VMware Workstation\bin\;C:\Windows\system32;C:\Windows;C:\Windows\System32\Wbem;C:\Windows\System32\WindowsPowerShell\v1.0\;C:\Windows\System32\OpenSSH\;C:\Program Files (x86)\NVIDIA Corporation\PhysX\Common;C:\Program Files\NVIDIA Corporation\NVIDIA NvDLISR;E:\Program Files\Git\cmd;C:\Program Files\nodejs\;E:\Strawberry_Pearl\c\bin;E:\Strawberry_Pearl\perl\site\bin;E:\Strawberry_Pearl\perl\bin;C:\Users\Gabriel\AppData\Local\Programs\Python\Python311\Scripts\;C:\Users\Gabriel\AppData\Local\Programs\Python\Python311\;C:\Users\Gabriel\AppData\Local\Microsoft\WindowsApps;E:\Program Files\Microsoft VS Code\bin;E:\Program Files\IntelliJ IDEA Community Edition 2022.3.2\bin;;E:\Program Files\msys64\mingw64\bin;C:\Users\Gabriel\AppData\Roaming\npm;E:\Downloads\exes\apache-maven-3.9.2\bin;C:\Users\Gabriel\AppData\Local\Programs\MiKTeX\miktex\bin\x64\
USERNAME=Gabriel
OS=Windows_NT
PROCESSOR_IDENTIFIER=Intel64 Family 6 Model 60 Stepping 3, GenuineIntel
TMP=C:\Users\Gabriel\AppData\Local\Temp
TEMP=C:\Users\Gabriel\AppData\Local\Temp


JNI global refs:
JNI global refs: 29, weak refs: 6

JNI global refs memory usage: 843, weak refs: 841


---------------  S Y S T E M  ---------------

OS:
 Windows 10 , 64 bit Build 19041 (10.0.19041.3155)
OS uptime: 0 days 5:10 hours

CPU: total 8 (initial active 8) (4 cores per cpu, 2 threads per core) family 6 model 60 stepping 3 microcode 0x27, cx8, cmov, fxsr, ht, mmx, sse, sse2, sse3, ssse3, sse4.1, sse4.2, popcnt, lzcnt, tsc, tscinvbit, avx, avx2, aes, erms, clmul, bmi1, bmi2, fma, vzeroupper, clflush

Memory: 4k page, system-wide physical 16226M (1383M free)
TotalPageFile size 32610M (AvailPageFile size 9992M)
current process WorkingSet (physical memory assigned to process): 477M, peak: 481M
current process commit charge ("private bytes"): 518M, peak: 522M

vm_info: OpenJDK 64-Bit Server VM (17.0.6+0-b2043.56-10027231) for windows-amd64 JRE (17.0.6+0-b2043.56-10027231), built on Apr 28 2023 00:43:19 by "androidbuild" with MS VC++ 16.10 / 16.11 (VS2019)

END.
